#
# There is insufficient memory for the Java Runtime Environment to continue.
# Native memory allocation (malloc) failed to allocate 1045776 bytes for Chunk::new
# Possible reasons:
#   The system is out of physical RAM or swap space
#   The process is running with CompressedOops enabled, and the Java Heap may be blocking the growth of the native heap
# Possible solutions:
#   Reduce memory load on the system
#   Increase physical memory or swap space
#   Check if swap backing store is full
#   Decrease Java heap size (-Xmx/-Xms)
#   Decrease number of Java threads
#   Decrease Java thread stack sizes (-Xss)
#   Set larger code cache with -XX:ReservedCodeCacheSize=
#   JVM is running with Unscaled Compressed Oops mode in which the Java heap is
#     placed in the first 4GB address space. The Java Heap base address is the
#     maximum limit for the native heap growth. Please use -XX:HeapBaseMinAddress
#     to set the Java Heap base and to place the Java Heap above 4GB virtual address.
# This output file may be truncated or incomplete.
#
#  Out of Memory Error (./src/hotspot/share/memory/arena.cpp:197), pid=9536, tid=18236
#
# JRE version: OpenJDK Runtime Environment (11.0.11+9) (build 11.0.11+9-b60-7590822)
# Java VM: OpenJDK 64-Bit Server VM (11.0.11+9-b60-7590822, mixed mode, tiered, compressed oops, g1 gc, windows-amd64)
# No core dump will be written. Minidumps are not enabled by default on client versions of Windows
#

---------------  S U M M A R Y ------------

Command Line: --add-opens=java.base/java.util=ALL-UNNAMED --add-opens=java.base/java.lang=ALL-UNNAMED --add-opens=java.base/java.lang.invoke=ALL-UNNAMED --add-opens=java.base/java.util=ALL-UNNAMED --add-opens=java.prefs/java.util.prefs=ALL-UNNAMED --add-opens=java.prefs/java.util.prefs=ALL-UNNAMED --add-opens=java.base/java.nio.charset=ALL-UNNAMED --add-opens=java.base/java.net=ALL-UNNAMED --add-opens=java.base/java.util.concurrent.atomic=ALL-UNNAMED -Xmx2048m -Dfile.encoding=UTF-8 -Duser.country=CN -Duser.language=zh -Duser.variant org.gradle.launcher.daemon.bootstrap.GradleDaemon 7.2

Host: Intel(R) Core(TM) i5-8250U CPU @ 1.60GHz, 8 cores, 7G,  Windows 10 , 64 bit Build 19041 (10.0.19041.1566)
Time: Fri Apr  8 20:23:42 2022 中国标准时间 elapsed time: 22203.808168 seconds (0d 6h 10m 3s)

---------------  T H R E A D  ---------------

Current thread (0x000001f11991e000):  JavaThread "C2 CompilerThread0" daemon [_thread_in_native, id=18236, stack(0x0000001e2fd00000,0x0000001e2fe00000)]


Current CompileTask:
C2:22203809 33203       4       org.apache.xerces.impl.XMLNSDocumentScannerImpl::scanStartElement (873 bytes)

Stack: [0x0000001e2fd00000,0x0000001e2fe00000]
Native frames: (J=compiled Java code, j=interpreted, Vv=VM code, C=native code)
V  [jvm.dll+0x5f214a]
V  [jvm.dll+0x726fb5]
V  [jvm.dll+0x7285cd]
V  [jvm.dll+0x728c83]
V  [jvm.dll+0x243278]
V  [jvm.dll+0xbc53c]
V  [jvm.dll+0xbca3c]
V  [jvm.dll+0x2b5c34]
V  [jvm.dll+0x508488]
V  [jvm.dll+0x203d53]
V  [jvm.dll+0x1fdbac]
V  [jvm.dll+0x1fb35f]
V  [jvm.dll+0x183d6c]
V  [jvm.dll+0x209a57]
V  [jvm.dll+0x2082a1]
V  [jvm.dll+0x6ef58f]
V  [jvm.dll+0x6e80b5]
V  [jvm.dll+0x5f1036]
C  [ucrtbase.dll+0x21bb2]
C  [KERNEL32.DLL+0x17034]
C  [ntdll.dll+0x52651]


---------------  P R O C E S S  ---------------

Threads class SMR info:
_java_thread_list=0x000001f127c857f0, length=135, elements={
0x000001f17d46d000, 0x000001f1198f5000, 0x000001f119900800, 0x000001f11a186800,
0x000001f119914000, 0x000001f119915000, 0x000001f11991e000, 0x000001f119922800,
0x000001f119923800, 0x000001f11a2e5000, 0x000001f11c331000, 0x000001f11c334000,
0x000001f11c32f800, 0x000001f11cd00800, 0x000001f11ccff000, 0x000001f11cd00000,
0x000001f11cd04000, 0x000001f11cd06800, 0x000001f11cd08000, 0x000001f11cd07800,
0x000001f11cd05800, 0x000001f1204dd000, 0x000001f1204e1800, 0x000001f1204e4000,
0x000001f1204e0800, 0x000001f1204e3000, 0x000001f1204de000, 0x000001f11e343000,
0x000001f11a62a800, 0x000001f11c335000, 0x000001f11c332000, 0x000001f11c336000,
0x000001f11c333800, 0x000001f11c330000, 0x000001f11c332800, 0x000001f1269f9800,
0x000001f1269fb800, 0x000001f1269fc800, 0x000001f1269fd800, 0x000001f1269fe000,
0x000001f1269ff000, 0x000001f126a00000, 0x000001f1269fb000, 0x000001f126a04000,
0x000001f126a03000, 0x000001f126a06800, 0x000001f126a07000, 0x000001f126a02800,
0x000001f126a04800, 0x000001f126a01800, 0x000001f126a08000, 0x000001f11a61f000,
0x000001f11a622000, 0x000001f11a624800, 0x000001f11a61f800, 0x000001f11a621800,
0x000001f11a623000, 0x000001f11a626000, 0x000001f11a620800, 0x000001f11a623800,
0x000001f11a62b000, 0x000001f11a628000, 0x000001f11a628800, 0x000001f11a625800,
0x000001f11a629800, 0x000001f11a62c800, 0x000001f11a627000, 0x000001f11a62c000,
0x000001f11a62d800, 0x000001f12216e000, 0x000001f12216e800, 0x000001f12216f800,
0x000001f12216b800, 0x000001f12216c000, 0x000001f122169800, 0x000001f122171000,
0x000001f122170000, 0x000001f122172000, 0x000001f122172800, 0x000001f12216d000,
0x000001f122177800, 0x000001f122176000, 0x000001f122173800, 0x000001f122175000,
0x000001f122174800, 0x000001f122176800, 0x000001f11ee37000, 0x000001f11ee33800,
0x000001f11ee33000, 0x000001f11ee38800, 0x000001f11ee38000, 0x000001f11ee39800,
0x000001f11ee3a800, 0x000001f11ee34800, 0x000001f11ee35800, 0x000001f11ee40000,
0x000001f11ee3c000, 0x000001f11ee3d800, 0x000001f11ee3e800, 0x000001f11ee3f000,
0x000001f11ee41800, 0x000001f11ee3c800, 0x000001f1204dc800, 0x000001f1204e2000,
0x000001f1204e4800, 0x000001f1204df000, 0x000001f1204e5800, 0x000001f1204df800,
0x000001f1204e7000, 0x000001f1204e8000, 0x000001f1204e6000, 0x000001f1204e8800,
0x000001f1204e9800, 0x000001f1204eb000, 0x000001f11cd01800, 0x000001f11ccfc000,
0x000001f11cd02800, 0x000001f11ccfc800, 0x000001f11cd03000, 0x000001f11ccfd800,
0x000001f11cd09000, 0x000001f11cd05000, 0x000001f11e33f000, 0x000001f11e33e000,
0x000001f11e340800, 0x000001f11e341000, 0x000001f11e342000, 0x000001f11e33d000,
0x000001f11e343800, 0x000001f11e33f800, 0x000001f1222da800, 0x000001f1222d5000,
0x000001f1222d6800, 0x000001f1222d9000, 0x000001f1222d5800
}

Java Threads: ( => current thread )
  0x000001f17d46d000 JavaThread "main" [_thread_blocked, id=15572, stack(0x0000001e2f100000,0x0000001e2f200000)]
  0x000001f1198f5000 JavaThread "Reference Handler" daemon [_thread_blocked, id=12564, stack(0x0000001e2f800000,0x0000001e2f900000)]
  0x000001f119900800 JavaThread "Finalizer" daemon [_thread_blocked, id=1540, stack(0x0000001e2f900000,0x0000001e2fa00000)]
  0x000001f11a186800 JavaThread "Signal Dispatcher" daemon [_thread_blocked, id=15424, stack(0x0000001e2fa00000,0x0000001e2fb00000)]
  0x000001f119914000 JavaThread "Attach Listener" daemon [_thread_blocked, id=18460, stack(0x0000001e2fb00000,0x0000001e2fc00000)]
  0x000001f119915000 JavaThread "Service Thread" daemon [_thread_blocked, id=148, stack(0x0000001e2fc00000,0x0000001e2fd00000)]
=>0x000001f11991e000 JavaThread "C2 CompilerThread0" daemon [_thread_in_native, id=18236, stack(0x0000001e2fd00000,0x0000001e2fe00000)]
  0x000001f119922800 JavaThread "C1 CompilerThread0" daemon [_thread_blocked, id=7836, stack(0x0000001e2fe00000,0x0000001e2ff00000)]
  0x000001f119923800 JavaThread "Sweeper thread" daemon [_thread_blocked, id=17036, stack(0x0000001e2ff00000,0x0000001e30000000)]
  0x000001f11a2e5000 JavaThread "Common-Cleaner" daemon [_thread_blocked, id=15212, stack(0x0000001e30000000,0x0000001e30100000)]
  0x000001f11c331000 JavaThread "Daemon health stats" [_thread_blocked, id=10144, stack(0x0000001e30600000,0x0000001e30700000)]
  0x000001f11c334000 JavaThread "Incoming local TCP Connector on port 60860" [_thread_in_native, id=11156, stack(0x0000001e30200000,0x0000001e30300000)]
  0x000001f11c32f800 JavaThread "Daemon periodic checks" [_thread_blocked, id=14380, stack(0x0000001e30300000,0x0000001e30400000)]
  0x000001f11cd00800 JavaThread "Cache worker for journal cache (C:\Users\86132\.gradle\caches\journal-1)" [_thread_blocked, id=16944, stack(0x0000001e31300000,0x0000001e31400000)]
  0x000001f11ccff000 JavaThread "File lock request listener" [_thread_in_native, id=7456, stack(0x0000001e31400000,0x0000001e31500000)]
  0x000001f11cd00000 JavaThread "Cache worker for file hash cache (C:\Users\86132\.gradle\caches\7.2\fileHashes)" [_thread_blocked, id=15496, stack(0x0000001e31500000,0x0000001e31600000)]
  0x000001f11cd04000 JavaThread "Cache worker for execution history cache (C:\Users\86132\.gradle\caches\7.2\executionHistory)" [_thread_blocked, id=856, stack(0x0000001e31f00000,0x0000001e32000000)]
  0x000001f11cd06800 JavaThread "jar transforms" [_thread_blocked, id=16300, stack(0x0000001e32000000,0x0000001e32100000)]
  0x000001f11cd08000 JavaThread "Cache worker for file content cache (C:\Users\86132\.gradle\caches\7.2\fileContent)" [_thread_blocked, id=18872, stack(0x0000001e32100000,0x0000001e32200000)]
  0x000001f11cd07800 JavaThread "jar transforms Thread 2" [_thread_blocked, id=5124, stack(0x0000001e32200000,0x0000001e32300000)]
  0x000001f11cd05800 JavaThread "jar transforms Thread 3" [_thread_blocked, id=18052, stack(0x0000001e31e00000,0x0000001e31f00000)]
  0x000001f1204dd000 JavaThread "jar transforms Thread 4" [_thread_blocked, id=19396, stack(0x0000001e37500000,0x0000001e37600000)]
  0x000001f1204e1800 JavaThread "jar transforms Thread 5" [_thread_blocked, id=14840, stack(0x0000001e37600000,0x0000001e37700000)]
  0x000001f1204e4000 JavaThread "jar transforms Thread 6" [_thread_blocked, id=4528, stack(0x0000001e37700000,0x0000001e37800000)]
  0x000001f1204e0800 JavaThread "jar transforms Thread 7" [_thread_blocked, id=8340, stack(0x0000001e37800000,0x0000001e37900000)]
  0x000001f1204e3000 JavaThread "jar transforms Thread 8" [_thread_blocked, id=16312, stack(0x0000001e37900000,0x0000001e37a00000)]
  0x000001f1204de000 JavaThread "Memory manager" [_thread_blocked, id=15664, stack(0x0000001e37a00000,0x0000001e37b00000)]
  0x000001f11e343000 JavaThread "Cache worker for Java compile cache (C:\Users\86132\.gradle\caches\7.2\javaCompile)" [_thread_blocked, id=6300, stack(0x0000001e31900000,0x0000001e31a00000)]
  0x000001f11a62a800 JavaThread "ForkJoinPool.commonPool-worker-9" daemon [_thread_blocked, id=13300, stack(0x0000001e39300000,0x0000001e39400000)]
  0x000001f11c335000 JavaThread "Daemon Thread 18" [_thread_blocked, id=20556, stack(0x0000001e2ee00000,0x0000001e2ef00000)]
  0x000001f11c332000 JavaThread "Handler for socket connection from /127.0.0.1:60860 to /127.0.0.1:58602" [_thread_in_native, id=7648, stack(0x0000001e2ef00000,0x0000001e2f000000)]
  0x000001f11c336000 JavaThread "Cancel handler" [_thread_blocked, id=18884, stack(0x0000001e2f000000,0x0000001e2f100000)]
  0x000001f11c333800 JavaThread "Daemon worker Thread 18" [_thread_blocked, id=4140, stack(0x0000001e30700000,0x0000001e30800000)]
  0x000001f11c330000 JavaThread "Asynchronous log dispatcher for DefaultDaemonConnection: socket connection from /127.0.0.1:60860 to /127.0.0.1:58602" [_thread_blocked, id=17444, stack(0x0000001e30800000,0x0000001e30900000)]
  0x000001f11c332800 JavaThread "Stdin handler" [_thread_blocked, id=20520, stack(0x0000001e30900000,0x0000001e30a00000)]
  0x000001f1269f9800 JavaThread "Daemon client event forwarder" [_thread_blocked, id=15128, stack(0x0000001e30a00000,0x0000001e30b00000)]
  0x000001f1269fb800 JavaThread "Cache worker for file hash cache (E:\android_studio\DatabaseTest\.gradle\7.2\fileHashes)" [_thread_blocked, id=20892, stack(0x0000001e30b00000,0x0000001e30c00000)]
  0x000001f1269fc800 JavaThread "Cache worker for checksums cache (E:\android_studio\DatabaseTest\.gradle\checksums)" [_thread_blocked, id=20916, stack(0x0000001e31800000,0x0000001e31900000)]
  0x000001f1269fd800 JavaThread "Cache worker for cache directory md-supplier (C:\Users\86132\.gradle\caches\7.2\md-supplier)" [_thread_blocked, id=3576, stack(0x0000001e31a00000,0x0000001e31b00000)]
  0x000001f1269fe000 JavaThread "Cache worker for cache directory md-rule (C:\Users\86132\.gradle\caches\7.2\md-rule)" [_thread_blocked, id=3632, stack(0x0000001e31b00000,0x0000001e31c00000)]
  0x000001f1269ff000 JavaThread "Cache worker for dependencies-accessors (E:\android_studio\DatabaseTest\.gradle\7.2\dependencies-accessors)" [_thread_blocked, id=20676, stack(0x0000001e31c00000,0x0000001e31d00000)]
  0x000001f126a00000 JavaThread "Cache worker for Build Output Cleanup Cache (E:\android_studio\DatabaseTest\.gradle\buildOutputCleanup)" [_thread_blocked, id=20460, stack(0x0000001e31d00000,0x0000001e31e00000)]
  0x000001f1269fb000 JavaThread "Unconstrained build operations" [_thread_blocked, id=21424, stack(0x0000001e32500000,0x0000001e32600000)]
  0x000001f126a04000 JavaThread "Unconstrained build operations Thread 2" [_thread_blocked, id=17400, stack(0x0000001e32600000,0x0000001e32700000)]
  0x000001f126a03000 JavaThread "Unconstrained build operations Thread 3" [_thread_blocked, id=2140, stack(0x0000001e32700000,0x0000001e32800000)]
  0x000001f126a06800 JavaThread "Unconstrained build operations Thread 4" [_thread_blocked, id=12472, stack(0x0000001e32800000,0x0000001e32900000)]
  0x000001f126a07000 JavaThread "Unconstrained build operations Thread 5" [_thread_blocked, id=17544, stack(0x0000001e32900000,0x0000001e32a00000)]
  0x000001f126a02800 JavaThread "Unconstrained build operations Thread 6" [_thread_blocked, id=14708, stack(0x0000001e32a00000,0x0000001e32b00000)]
  0x000001f126a04800 JavaThread "Unconstrained build operations Thread 7" [_thread_blocked, id=6088, stack(0x0000001e32b00000,0x0000001e32c00000)]
  0x000001f126a01800 JavaThread "Unconstrained build operations Thread 8" [_thread_blocked, id=21036, stack(0x0000001e32c00000,0x0000001e32d00000)]
  0x000001f126a08000 JavaThread "Unconstrained build operations Thread 9" [_thread_blocked, id=7236, stack(0x0000001e32d00000,0x0000001e32e00000)]
  0x000001f11a61f000 JavaThread "Unconstrained build operations Thread 10" [_thread_blocked, id=19192, stack(0x0000001e32e00000,0x0000001e32f00000)]
  0x000001f11a622000 JavaThread "Unconstrained build operations Thread 11" [_thread_blocked, id=13764, stack(0x0000001e32f00000,0x0000001e33000000)]
  0x000001f11a624800 JavaThread "Unconstrained build operations Thread 12" [_thread_blocked, id=17368, stack(0x0000001e33000000,0x0000001e33100000)]
  0x000001f11a61f800 JavaThread "Unconstrained build operations Thread 13" [_thread_blocked, id=17880, stack(0x0000001e33100000,0x0000001e33200000)]
  0x000001f11a621800 JavaThread "Unconstrained build operations Thread 14" [_thread_blocked, id=7392, stack(0x0000001e33200000,0x0000001e33300000)]
  0x000001f11a623000 JavaThread "Unconstrained build operations Thread 15" [_thread_blocked, id=18404, stack(0x0000001e33300000,0x0000001e33400000)]
  0x000001f11a626000 JavaThread "Unconstrained build operations Thread 16" [_thread_blocked, id=14616, stack(0x0000001e33400000,0x0000001e33500000)]
  0x000001f11a620800 JavaThread "Unconstrained build operations Thread 17" [_thread_blocked, id=17572, stack(0x0000001e33500000,0x0000001e33600000)]
  0x000001f11a623800 JavaThread "Unconstrained build operations Thread 18" [_thread_blocked, id=14004, stack(0x0000001e33600000,0x0000001e33700000)]
  0x000001f11a62b000 JavaThread "Unconstrained build operations Thread 19" [_thread_blocked, id=19100, stack(0x0000001e33700000,0x0000001e33800000)]
  0x000001f11a628000 JavaThread "Unconstrained build operations Thread 20" [_thread_blocked, id=20404, stack(0x0000001e33800000,0x0000001e33900000)]
  0x000001f11a628800 JavaThread "Unconstrained build operations Thread 21" [_thread_blocked, id=10788, stack(0x0000001e33900000,0x0000001e33a00000)]
  0x000001f11a625800 JavaThread "Unconstrained build operations Thread 22" [_thread_blocked, id=19624, stack(0x0000001e33a00000,0x0000001e33b00000)]
  0x000001f11a629800 JavaThread "Unconstrained build operations Thread 23" [_thread_blocked, id=7712, stack(0x0000001e33b00000,0x0000001e33c00000)]
  0x000001f11a62c800 JavaThread "Unconstrained build operations Thread 24" [_thread_blocked, id=13424, stack(0x0000001e33c00000,0x0000001e33d00000)]
  0x000001f11a627000 JavaThread "Unconstrained build operations Thread 25" [_thread_blocked, id=17928, stack(0x0000001e33d00000,0x0000001e33e00000)]
  0x000001f11a62c000 JavaThread "Unconstrained build operations Thread 26" [_thread_blocked, id=7856, stack(0x0000001e33e00000,0x0000001e33f00000)]
  0x000001f11a62d800 JavaThread "Unconstrained build operations Thread 27" [_thread_blocked, id=17448, stack(0x0000001e33f00000,0x0000001e34000000)]
  0x000001f12216e000 JavaThread "Unconstrained build operations Thread 28" [_thread_blocked, id=20048, stack(0x0000001e34000000,0x0000001e34100000)]
  0x000001f12216e800 JavaThread "Unconstrained build operations Thread 29" [_thread_blocked, id=18548, stack(0x0000001e34100000,0x0000001e34200000)]
  0x000001f12216f800 JavaThread "Unconstrained build operations Thread 30" [_thread_blocked, id=14096, stack(0x0000001e34200000,0x0000001e34300000)]
  0x000001f12216b800 JavaThread "Unconstrained build operations Thread 31" [_thread_blocked, id=15064, stack(0x0000001e34300000,0x0000001e34400000)]
  0x000001f12216c000 JavaThread "Unconstrained build operations Thread 32" [_thread_blocked, id=16784, stack(0x0000001e34400000,0x0000001e34500000)]
  0x000001f122169800 JavaThread "Unconstrained build operations Thread 33" [_thread_blocked, id=8200, stack(0x0000001e34500000,0x0000001e34600000)]
  0x000001f122171000 JavaThread "Unconstrained build operations Thread 34" [_thread_blocked, id=21296, stack(0x0000001e34600000,0x0000001e34700000)]
  0x000001f122170000 JavaThread "Unconstrained build operations Thread 35" [_thread_blocked, id=16624, stack(0x0000001e34700000,0x0000001e34800000)]
  0x000001f122172000 JavaThread "Unconstrained build operations Thread 36" [_thread_blocked, id=6584, stack(0x0000001e34800000,0x0000001e34900000)]
  0x000001f122172800 JavaThread "Unconstrained build operations Thread 37" [_thread_blocked, id=10552, stack(0x0000001e34900000,0x0000001e34a00000)]
  0x000001f12216d000 JavaThread "Unconstrained build operations Thread 38" [_thread_blocked, id=14352, stack(0x0000001e34a00000,0x0000001e34b00000)]
  0x000001f122177800 JavaThread "Unconstrained build operations Thread 39" [_thread_blocked, id=18160, stack(0x0000001e34b00000,0x0000001e34c00000)]
  0x000001f122176000 JavaThread "Unconstrained build operations Thread 40" [_thread_blocked, id=1628, stack(0x0000001e34c00000,0x0000001e34d00000)]
  0x000001f122173800 JavaThread "Unconstrained build operations Thread 41" [_thread_blocked, id=19684, stack(0x0000001e34d00000,0x0000001e34e00000)]
  0x000001f122175000 JavaThread "Unconstrained build operations Thread 42" [_thread_blocked, id=19800, stack(0x0000001e34e00000,0x0000001e34f00000)]
  0x000001f122174800 JavaThread "Unconstrained build operations Thread 43" [_thread_blocked, id=6056, stack(0x0000001e34f00000,0x0000001e35000000)]
  0x000001f122176800 JavaThread "Unconstrained build operations Thread 44" [_thread_blocked, id=18140, stack(0x0000001e35000000,0x0000001e35100000)]
  0x000001f11ee37000 JavaThread "Unconstrained build operations Thread 45" [_thread_blocked, id=17792, stack(0x0000001e35100000,0x0000001e35200000)]
  0x000001f11ee33800 JavaThread "Unconstrained build operations Thread 46" [_thread_blocked, id=18984, stack(0x0000001e35200000,0x0000001e35300000)]
  0x000001f11ee33000 JavaThread "Unconstrained build operations Thread 47" [_thread_blocked, id=20576, stack(0x0000001e35300000,0x0000001e35400000)]
  0x000001f11ee38800 JavaThread "Unconstrained build operations Thread 48" [_thread_blocked, id=3368, stack(0x0000001e35400000,0x0000001e35500000)]
  0x000001f11ee38000 JavaThread "Unconstrained build operations Thread 49" [_thread_blocked, id=15708, stack(0x0000001e35500000,0x0000001e35600000)]
  0x000001f11ee39800 JavaThread "Unconstrained build operations Thread 50" [_thread_blocked, id=17664, stack(0x0000001e35600000,0x0000001e35700000)]
  0x000001f11ee3a800 JavaThread "Unconstrained build operations Thread 51" [_thread_blocked, id=10716, stack(0x0000001e35700000,0x0000001e35800000)]
  0x000001f11ee34800 JavaThread "Unconstrained build operations Thread 52" [_thread_blocked, id=3188, stack(0x0000001e35800000,0x0000001e35900000)]
  0x000001f11ee35800 JavaThread "Unconstrained build operations Thread 53" [_thread_blocked, id=17472, stack(0x0000001e35900000,0x0000001e35a00000)]
  0x000001f11ee40000 JavaThread "Unconstrained build operations Thread 54" [_thread_blocked, id=20216, stack(0x0000001e35a00000,0x0000001e35b00000)]
  0x000001f11ee3c000 JavaThread "Unconstrained build operations Thread 55" [_thread_blocked, id=8712, stack(0x0000001e35b00000,0x0000001e35c00000)]
  0x000001f11ee3d800 JavaThread "Unconstrained build operations Thread 56" [_thread_blocked, id=20220, stack(0x0000001e35c00000,0x0000001e35d00000)]
  0x000001f11ee3e800 JavaThread "Unconstrained build operations Thread 57" [_thread_blocked, id=20540, stack(0x0000001e35d00000,0x0000001e35e00000)]
  0x000001f11ee3f000 JavaThread "Unconstrained build operations Thread 58" [_thread_blocked, id=16976, stack(0x0000001e35e00000,0x0000001e35f00000)]
  0x000001f11ee41800 JavaThread "Unconstrained build operations Thread 59" [_thread_blocked, id=21416, stack(0x0000001e35f00000,0x0000001e36000000)]
  0x000001f11ee3c800 JavaThread "Unconstrained build operations Thread 60" [_thread_blocked, id=16232, stack(0x0000001e36000000,0x0000001e36100000)]
  0x000001f1204dc800 JavaThread "Unconstrained build operations Thread 61" [_thread_blocked, id=14428, stack(0x0000001e36100000,0x0000001e36200000)]
  0x000001f1204e2000 JavaThread "Unconstrained build operations Thread 62" [_thread_blocked, id=21088, stack(0x0000001e36200000,0x0000001e36300000)]
  0x000001f1204e4800 JavaThread "Unconstrained build operations Thread 63" [_thread_blocked, id=15700, stack(0x0000001e36300000,0x0000001e36400000)]
  0x000001f1204df000 JavaThread "Unconstrained build operations Thread 64" [_thread_blocked, id=12252, stack(0x0000001e36400000,0x0000001e36500000)]
  0x000001f1204e5800 JavaThread "Unconstrained build operations Thread 65" [_thread_blocked, id=20776, stack(0x0000001e36500000,0x0000001e36600000)]
  0x000001f1204df800 JavaThread "Unconstrained build operations Thread 66" [_thread_blocked, id=8188, stack(0x0000001e36600000,0x0000001e36700000)]
  0x000001f1204e7000 JavaThread "Unconstrained build operations Thread 67" [_thread_blocked, id=21468, stack(0x0000001e36700000,0x0000001e36800000)]
  0x000001f1204e8000 JavaThread "Unconstrained build operations Thread 68" [_thread_blocked, id=9808, stack(0x0000001e36800000,0x0000001e36900000)]
  0x000001f1204e6000 JavaThread "Unconstrained build operations Thread 69" [_thread_blocked, id=17956, stack(0x0000001e36900000,0x0000001e36a00000)]
  0x000001f1204e8800 JavaThread "Unconstrained build operations Thread 70" [_thread_blocked, id=14376, stack(0x0000001e36a00000,0x0000001e36b00000)]
  0x000001f1204e9800 JavaThread "Unconstrained build operations Thread 71" [_thread_blocked, id=17960, stack(0x0000001e36b00000,0x0000001e36c00000)]
  0x000001f1204eb000 JavaThread "Unconstrained build operations Thread 72" [_thread_blocked, id=6112, stack(0x0000001e36c00000,0x0000001e36d00000)]
  0x000001f11cd01800 JavaThread "Unconstrained build operations Thread 73" [_thread_blocked, id=6068, stack(0x0000001e36d00000,0x0000001e36e00000)]
  0x000001f11ccfc000 JavaThread "Unconstrained build operations Thread 74" [_thread_blocked, id=816, stack(0x0000001e36e00000,0x0000001e36f00000)]
  0x000001f11cd02800 JavaThread "Unconstrained build operations Thread 75" [_thread_blocked, id=18176, stack(0x0000001e36f00000,0x0000001e37000000)]
  0x000001f11ccfc800 JavaThread "Unconstrained build operations Thread 76" [_thread_blocked, id=9932, stack(0x0000001e37000000,0x0000001e37100000)]
  0x000001f11cd03000 JavaThread "Unconstrained build operations Thread 77" [_thread_blocked, id=15776, stack(0x0000001e37100000,0x0000001e37200000)]
  0x000001f11ccfd800 JavaThread "Unconstrained build operations Thread 78" [_thread_blocked, id=10220, stack(0x0000001e37200000,0x0000001e37300000)]
  0x000001f11cd09000 JavaThread "Unconstrained build operations Thread 79" [_thread_blocked, id=10028, stack(0x0000001e37300000,0x0000001e37400000)]
  0x000001f11cd05000 JavaThread "Unconstrained build operations Thread 80" [_thread_blocked, id=14504, stack(0x0000001e37400000,0x0000001e37500000)]
  0x000001f11e33f000 JavaThread "build event listener" [_thread_blocked, id=19604, stack(0x0000001e37b00000,0x0000001e37c00000)]
  0x000001f11e33e000 JavaThread "Execution worker for ':'" [_thread_blocked, id=15620, stack(0x0000001e37c00000,0x0000001e37d00000)]
  0x000001f11e340800 JavaThread "Execution worker for ':' Thread 2" [_thread_blocked, id=296, stack(0x0000001e37d00000,0x0000001e37e00000)]
  0x000001f11e341000 JavaThread "Execution worker for ':' Thread 3" [_thread_blocked, id=13552, stack(0x0000001e37e00000,0x0000001e37f00000)]
  0x000001f11e342000 JavaThread "Execution worker for ':' Thread 4" [_thread_blocked, id=14624, stack(0x0000001e37f00000,0x0000001e38000000)]
  0x000001f11e33d000 JavaThread "Execution worker for ':' Thread 5" [_thread_in_native, id=20956, stack(0x0000001e38000000,0x0000001e38100000)]
  0x000001f11e343800 JavaThread "Execution worker for ':' Thread 6" [_thread_blocked, id=20768, stack(0x0000001e38100000,0x0000001e38200000)]
  0x000001f11e33f800 JavaThread "Execution worker for ':' Thread 7" [_thread_blocked, id=20888, stack(0x0000001e38200000,0x0000001e38300000)]
  0x000001f1222da800 JavaThread "Cache worker for execution history cache (E:\android_studio\DatabaseTest\.gradle\7.2\executionHistory)" [_thread_blocked, id=20188, stack(0x0000001e38300000,0x0000001e38400000)]
  0x000001f1222d5000 JavaThread "WorkerExecutor Queue" [_thread_blocked, id=19516, stack(0x0000001e30c00000,0x0000001e30d00000)]
  0x000001f1222d6800 JavaThread "WorkerExecutor Queue Thread 2" [_thread_blocked, id=21016, stack(0x0000001e32400000,0x0000001e32500000)]
  0x000001f1222d9000 JavaThread "C2 CompilerThread1" daemon [_thread_in_native, id=21652, stack(0x0000001e30d00000,0x0000001e30e00000)]
  0x000001f1222d5800 JavaThread "C2 CompilerThread2" daemon [_thread_in_native, id=21656, stack(0x0000001e32300000,0x0000001e32400000)]

Other Threads:
  0x000001f1198f3800 VMThread "VM Thread" [stack: 0x0000001e2f700000,0x0000001e2f800000] [id=14720]
  0x000001f11a306000 WatcherThread [stack: 0x0000001e30100000,0x0000001e30200000] [id=15488]
  0x000001f17d486000 GCTaskThread "GC Thread#0" [stack: 0x0000001e2f200000,0x0000001e2f300000] [id=12496]
  0x000001f11af18800 GCTaskThread "GC Thread#1" [stack: 0x0000001e30400000,0x0000001e30500000] [id=16836]
  0x000001f11b215000 GCTaskThread "GC Thread#2" [stack: 0x0000001e30500000,0x0000001e30600000] [id=18244]
  0x000001f11b641800 GCTaskThread "GC Thread#3" [stack: 0x0000001e30e00000,0x0000001e30f00000] [id=18188]
  0x000001f11bbc0000 GCTaskThread "GC Thread#4" [stack: 0x0000001e30f00000,0x0000001e31000000] [id=3776]
  0x000001f11dc7d800 GCTaskThread "GC Thread#5" [stack: 0x0000001e31000000,0x0000001e31100000] [id=19416]
  0x000001f11dc7e800 GCTaskThread "GC Thread#6" [stack: 0x0000001e31100000,0x0000001e31200000] [id=18464]
  0x000001f11b0ce800 GCTaskThread "GC Thread#7" [stack: 0x0000001e31200000,0x0000001e31300000] [id=10956]
  0x000001f17d4b9800 ConcurrentGCThread "G1 Main Marker" [stack: 0x0000001e2f300000,0x0000001e2f400000] [id=2720]
  0x000001f17d4bb000 ConcurrentGCThread "G1 Conc#0" [stack: 0x0000001e2f400000,0x0000001e2f500000] [id=14144]
  0x000001f11c64a000 ConcurrentGCThread "G1 Conc#1" [stack: 0x0000001e31600000,0x0000001e31700000] [id=14940]
  0x000001f119740800 ConcurrentGCThread "G1 Refine#0" [stack: 0x0000001e2f500000,0x0000001e2f600000] [id=13068]
  0x000001f11ef5f800 ConcurrentGCThread "G1 Refine#1" [stack: 0x0000001e31700000,0x0000001e31800000] [id=15468]
  0x000001f119741800 ConcurrentGCThread "G1 Young RemSet Sampling" [stack: 0x0000001e2f600000,0x0000001e2f700000] [id=15952]

Threads with active compile tasks:
C2 CompilerThread022203875 33203       4       org.apache.xerces.impl.XMLNSDocumentScannerImpl::scanStartElement (873 bytes)
C2 CompilerThread122203875 33245   !   4       org.apache.xerces.parsers.AbstractSAXParser::endElement (108 bytes)
C2 CompilerThread222203876 33242   !   4       com.android.utils.PositionXmlParser$DomBuilder::startElement (272 bytes)

VM state:not at safepoint (normal execution)

VM Mutex/Monitor currently owned by a thread: None

Heap address: 0x0000000080000000, size: 2048 MB, Compressed Oops mode: 32-bit
Narrow klass base: 0x0000000000000000, Narrow klass shift: 3
Compressed class space size: 1073741824 Address: 0x0000000100000000

Heap:
 garbage-first heap   total 229376K, used 185206K [0x0000000080000000, 0x0000000100000000)
  region size 1024K, 43 young (44032K), 6 survivors (6144K)
 Metaspace       used 148394K, capacity 153023K, committed 157392K, reserved 1185792K
  class space    used 18252K, capacity 19961K, committed 20736K, reserved 1048576K
Heap Regions: E=young(eden), S=young(survivor), O=old, HS=humongous(starts), HC=humongous(continues), CS=collection set, F=free, A=archive, TAMS=top-at-mark-start (previous, next)
|   0|0x0000000080000000, 0x0000000080100000, 0x0000000080100000|100%| O|  |TAMS 0x0000000080100000, 0x0000000080000000| Untracked 
|   1|0x0000000080100000, 0x0000000080200000, 0x0000000080200000|100%| O|  |TAMS 0x0000000080200000, 0x0000000080100000| Untracked 
|   2|0x0000000080200000, 0x0000000080300000, 0x0000000080300000|100%| O|  |TAMS 0x0000000080300000, 0x0000000080200000| Untracked 
|   3|0x0000000080300000, 0x0000000080400000, 0x0000000080400000|100%|HS|  |TAMS 0x0000000080400000, 0x0000000080300000| Complete 
|   4|0x0000000080400000, 0x0000000080500000, 0x0000000080500000|100%|HC|  |TAMS 0x0000000080500000, 0x0000000080400000| Complete 
|   5|0x0000000080500000, 0x0000000080600000, 0x0000000080600000|100%|HC|  |TAMS 0x0000000080600000, 0x0000000080500000| Complete 
|   6|0x0000000080600000, 0x0000000080700000, 0x0000000080700000|100%| O|  |TAMS 0x0000000080700000, 0x0000000080600000| Untracked 
|   7|0x0000000080700000, 0x0000000080800000, 0x0000000080800000|100%| O|  |TAMS 0x0000000080800000, 0x0000000080700000| Untracked 
|   8|0x0000000080800000, 0x0000000080900000, 0x0000000080900000|100%| O|  |TAMS 0x0000000080900000, 0x0000000080800000| Untracked 
|   9|0x0000000080900000, 0x0000000080a00000, 0x0000000080a00000|100%| O|  |TAMS 0x0000000080a00000, 0x0000000080900000| Complete 
|  10|0x0000000080a00000, 0x0000000080b00000, 0x0000000080b00000|100%| O|  |TAMS 0x0000000080b00000, 0x0000000080a00000| Untracked 
|  11|0x0000000080b00000, 0x0000000080c00000, 0x0000000080c00000|100%| O|  |TAMS 0x0000000080c00000, 0x0000000080b00000| Untracked 
|  12|0x0000000080c00000, 0x0000000080d00000, 0x0000000080d00000|100%| O|  |TAMS 0x0000000080d00000, 0x0000000080c00000| Untracked 
|  13|0x0000000080d00000, 0x0000000080e00000, 0x0000000080e00000|100%| O|  |TAMS 0x0000000080e00000, 0x0000000080d00000| Untracked 
|  14|0x0000000080e00000, 0x0000000080f00000, 0x0000000080f00000|100%| O|  |TAMS 0x0000000080f00000, 0x0000000080e00000| Untracked 
|  15|0x0000000080f00000, 0x0000000081000000, 0x0000000081000000|100%| O|  |TAMS 0x0000000081000000, 0x0000000080f00000| Complete 
|  16|0x0000000081000000, 0x0000000081100000, 0x0000000081100000|100%|HS|  |TAMS 0x0000000081100000, 0x0000000081000000| Complete 
|  17|0x0000000081100000, 0x0000000081200000, 0x0000000081200000|100%| O|  |TAMS 0x0000000081200000, 0x0000000081100000| Complete 
|  18|0x0000000081200000, 0x0000000081300000, 0x0000000081300000|100%| O|  |TAMS 0x0000000081300000, 0x0000000081200000| Complete 
|  19|0x0000000081300000, 0x0000000081400000, 0x0000000081400000|100%| O|  |TAMS 0x0000000081400000, 0x0000000081300000| Complete 
|  20|0x0000000081400000, 0x0000000081500000, 0x0000000081500000|100%| O|  |TAMS 0x0000000081500000, 0x0000000081400000| Complete 
|  21|0x0000000081500000, 0x0000000081600000, 0x0000000081600000|100%| O|  |TAMS 0x0000000081600000, 0x0000000081500000| Complete 
|  22|0x0000000081600000, 0x00000000816dda00, 0x0000000081700000| 86%| O|  |TAMS 0x00000000816dda00, 0x0000000081600000| Untracked 
|  23|0x0000000081700000, 0x0000000081800000, 0x0000000081800000|100%| O|  |TAMS 0x0000000081800000, 0x0000000081700000| Complete 
|  24|0x0000000081800000, 0x0000000081900000, 0x0000000081900000|100%| O|  |TAMS 0x0000000081900000, 0x0000000081800000| Complete 
|  25|0x0000000081900000, 0x0000000081a00000, 0x0000000081a00000|100%| O|  |TAMS 0x0000000081a00000, 0x0000000081900000| Untracked 
|  26|0x0000000081a00000, 0x0000000081b00000, 0x0000000081b00000|100%| O|  |TAMS 0x0000000081b00000, 0x0000000081a00000| Untracked 
|  27|0x0000000081b00000, 0x0000000081c00000, 0x0000000081c00000|100%| O|  |TAMS 0x0000000081c00000, 0x0000000081b00000| Untracked 
|  28|0x0000000081c00000, 0x0000000081d00000, 0x0000000081d00000|100%|HS|  |TAMS 0x0000000081d00000, 0x0000000081c00000| Complete 
|  29|0x0000000081d00000, 0x0000000081e00000, 0x0000000081e00000|100%|HS|  |TAMS 0x0000000081e00000, 0x0000000081d00000| Complete 
|  30|0x0000000081e00000, 0x0000000081f00000, 0x0000000081f00000|100%|HS|  |TAMS 0x0000000081f00000, 0x0000000081e00000| Complete 
|  31|0x0000000081f00000, 0x0000000082000000, 0x0000000082000000|100%|HC|  |TAMS 0x0000000082000000, 0x0000000081f00000| Complete 
|  32|0x0000000082000000, 0x0000000082100000, 0x0000000082100000|100%| O|  |TAMS 0x0000000082100000, 0x0000000082000000| Untracked 
|  33|0x0000000082100000, 0x0000000082200000, 0x0000000082200000|100%| O|  |TAMS 0x0000000082200000, 0x0000000082100000| Complete 
|  34|0x0000000082200000, 0x0000000082300000, 0x0000000082300000|100%| O|  |TAMS 0x0000000082300000, 0x0000000082200000| Complete 
|  35|0x0000000082300000, 0x0000000082400000, 0x0000000082400000|100%| O|  |TAMS 0x0000000082400000, 0x0000000082300000| Complete 
|  36|0x0000000082400000, 0x0000000082500000, 0x0000000082500000|100%| O|  |TAMS 0x0000000082500000, 0x0000000082400000| Untracked 
|  37|0x0000000082500000, 0x0000000082600000, 0x0000000082600000|100%| O|  |TAMS 0x0000000082600000, 0x0000000082500000| Untracked 
|  38|0x0000000082600000, 0x0000000082700000, 0x0000000082700000|100%| O|  |TAMS 0x0000000082700000, 0x0000000082600000| Untracked 
|  39|0x0000000082700000, 0x0000000082800000, 0x0000000082800000|100%| O|  |TAMS 0x0000000082800000, 0x0000000082700000| Complete 
|  40|0x0000000082800000, 0x0000000082900000, 0x0000000082900000|100%| O|  |TAMS 0x0000000082900000, 0x0000000082800000| Complete 
|  41|0x0000000082900000, 0x0000000082a00000, 0x0000000082a00000|100%| O|  |TAMS 0x0000000082a00000, 0x0000000082900000| Complete 
|  42|0x0000000082a00000, 0x0000000082b00000, 0x0000000082b00000|100%| O|  |TAMS 0x0000000082b00000, 0x0000000082a00000| Complete 
|  43|0x0000000082b00000, 0x0000000082c00000, 0x0000000082c00000|100%| O|  |TAMS 0x0000000082c00000, 0x0000000082b00000| Complete 
|  44|0x0000000082c00000, 0x0000000082d00000, 0x0000000082d00000|100%|HS|  |TAMS 0x0000000082d00000, 0x0000000082c00000| Complete 
|  45|0x0000000082d00000, 0x0000000082e00000, 0x0000000082e00000|100%|HC|  |TAMS 0x0000000082e00000, 0x0000000082d00000| Complete 
|  46|0x0000000082e00000, 0x0000000082f00000, 0x0000000082f00000|100%| O|  |TAMS 0x0000000082f00000, 0x0000000082e00000| Untracked 
|  47|0x0000000082f00000, 0x0000000083000000, 0x0000000083000000|100%| O|  |TAMS 0x0000000083000000, 0x0000000082f00000| Untracked 
|  48|0x0000000083000000, 0x0000000083100000, 0x0000000083100000|100%| O|  |TAMS 0x0000000083100000, 0x0000000083000000| Complete 
|  49|0x0000000083100000, 0x0000000083200000, 0x0000000083200000|100%| O|  |TAMS 0x0000000083200000, 0x0000000083100000| Complete 
|  50|0x0000000083200000, 0x0000000083300000, 0x0000000083300000|100%| O|  |TAMS 0x0000000083300000, 0x0000000083200000| Complete 
|  51|0x0000000083300000, 0x0000000083400000, 0x0000000083400000|100%|HS|  |TAMS 0x0000000083400000, 0x0000000083300000| Complete 
|  52|0x0000000083400000, 0x0000000083500000, 0x0000000083500000|100%|HC|  |TAMS 0x0000000083500000, 0x0000000083400000| Complete 
|  53|0x0000000083500000, 0x0000000083600000, 0x0000000083600000|100%|HS|  |TAMS 0x0000000083600000, 0x0000000083500000| Complete 
|  54|0x0000000083600000, 0x0000000083700000, 0x0000000083700000|100%|HC|  |TAMS 0x0000000083700000, 0x0000000083600000| Complete 
|  55|0x0000000083700000, 0x0000000083800000, 0x0000000083800000|100%|HC|  |TAMS 0x0000000083800000, 0x0000000083700000| Complete 
|  56|0x0000000083800000, 0x0000000083900000, 0x0000000083900000|100%|HS|  |TAMS 0x0000000083900000, 0x0000000083800000| Complete 
|  57|0x0000000083900000, 0x0000000083a00000, 0x0000000083a00000|100%|HC|  |TAMS 0x0000000083a00000, 0x0000000083900000| Complete 
|  58|0x0000000083a00000, 0x0000000083b00000, 0x0000000083b00000|100%|HC|  |TAMS 0x0000000083b00000, 0x0000000083a00000| Complete 
|  59|0x0000000083b00000, 0x0000000083c00000, 0x0000000083c00000|100%| O|  |TAMS 0x0000000083c00000, 0x0000000083b00000| Complete 
|  60|0x0000000083c00000, 0x0000000083d00000, 0x0000000083d00000|100%| O|  |TAMS 0x0000000083d00000, 0x0000000083c00000| Complete 
|  61|0x0000000083d00000, 0x0000000083e00000, 0x0000000083e00000|100%|HS|  |TAMS 0x0000000083d00000, 0x0000000083d00000| Complete 
|  62|0x0000000083e00000, 0x0000000083f00000, 0x0000000083f00000|100%| O|  |TAMS 0x0000000083f00000, 0x0000000083e00000| Complete 
|  63|0x0000000083f00000, 0x0000000084000000, 0x0000000084000000|100%| O|  |TAMS 0x0000000084000000, 0x0000000083f00000| Untracked 
|  64|0x0000000084000000, 0x0000000084100000, 0x0000000084100000|100%|HS|  |TAMS 0x0000000084000000, 0x0000000084000000| Complete 
|  65|0x0000000084100000, 0x0000000084200000, 0x0000000084200000|100%| O|  |TAMS 0x0000000084200000, 0x0000000084100000| Untracked 
|  66|0x0000000084200000, 0x0000000084300000, 0x0000000084300000|100%| O|  |TAMS 0x0000000084300000, 0x0000000084200000| Complete 
|  67|0x0000000084300000, 0x0000000084400000, 0x0000000084400000|100%| O|  |TAMS 0x0000000084400000, 0x0000000084300000| Complete 
|  68|0x0000000084400000, 0x0000000084500000, 0x0000000084500000|100%| O|  |TAMS 0x0000000084500000, 0x0000000084400000| Complete 
|  69|0x0000000084500000, 0x0000000084600000, 0x0000000084600000|100%| O|  |TAMS 0x0000000084600000, 0x0000000084500000| Complete 
|  70|0x0000000084600000, 0x0000000084700000, 0x0000000084700000|100%|HS|  |TAMS 0x0000000084600000, 0x0000000084600000| Complete 
|  71|0x0000000084700000, 0x0000000084800000, 0x0000000084800000|100%| O|  |TAMS 0x0000000084800000, 0x0000000084700000| Complete 
|  72|0x0000000084800000, 0x0000000084900000, 0x0000000084900000|100%| O|  |TAMS 0x0000000084900000, 0x0000000084800000| Complete 
|  73|0x0000000084900000, 0x0000000084a00000, 0x0000000084a00000|100%| O|  |TAMS 0x0000000084a00000, 0x0000000084900000| Complete 
|  74|0x0000000084a00000, 0x0000000084b00000, 0x0000000084b00000|100%| O|  |TAMS 0x0000000084b00000, 0x0000000084a00000| Complete 
|  75|0x0000000084b00000, 0x0000000084c00000, 0x0000000084c00000|100%| O|  |TAMS 0x0000000084c00000, 0x0000000084b00000| Untracked 
|  76|0x0000000084c00000, 0x0000000084d00000, 0x0000000084d00000|100%| O|  |TAMS 0x0000000084d00000, 0x0000000084c00000| Untracked 
|  77|0x0000000084d00000, 0x0000000084d00000, 0x0000000084e00000|  0%| F|  |TAMS 0x0000000084d00000, 0x0000000084d00000| Untracked 
|  78|0x0000000084e00000, 0x0000000084f00000, 0x0000000084f00000|100%| O|  |TAMS 0x0000000084f00000, 0x0000000084e00000| Untracked 
|  79|0x0000000084f00000, 0x0000000084f00000, 0x0000000085000000|  0%| F|  |TAMS 0x0000000084f00000, 0x0000000084f00000| Untracked 
|  80|0x0000000085000000, 0x0000000085100000, 0x0000000085100000|100%| O|  |TAMS 0x0000000085100000, 0x0000000085000000| Complete 
|  81|0x0000000085100000, 0x0000000085200000, 0x0000000085200000|100%| O|  |TAMS 0x0000000085200000, 0x0000000085100000| Complete 
|  82|0x0000000085200000, 0x0000000085300000, 0x0000000085300000|100%| O|  |TAMS 0x0000000085300000, 0x0000000085200000| Complete 
|  83|0x0000000085300000, 0x0000000085400000, 0x0000000085400000|100%| O|  |TAMS 0x0000000085400000, 0x0000000085300000| Complete 
|  84|0x0000000085400000, 0x0000000085500000, 0x0000000085500000|100%| O|  |TAMS 0x0000000085500000, 0x0000000085400000| Complete 
|  85|0x0000000085500000, 0x0000000085600000, 0x0000000085600000|100%| O|  |TAMS 0x0000000085600000, 0x0000000085500000| Complete 
|  86|0x0000000085600000, 0x0000000085700000, 0x0000000085700000|100%| O|  |TAMS 0x0000000085700000, 0x0000000085600000| Complete 
|  87|0x0000000085700000, 0x0000000085800000, 0x0000000085800000|100%| O|  |TAMS 0x0000000085800000, 0x0000000085700000| Complete 
|  88|0x0000000085800000, 0x0000000085900000, 0x0000000085900000|100%|HS|  |TAMS 0x0000000085900000, 0x0000000085800000| Complete 
|  89|0x0000000085900000, 0x0000000085a00000, 0x0000000085a00000|100%|HC|  |TAMS 0x0000000085a00000, 0x0000000085900000| Complete 
|  90|0x0000000085a00000, 0x0000000085b00000, 0x0000000085b00000|100%|HC|  |TAMS 0x0000000085b00000, 0x0000000085a00000| Complete 
|  91|0x0000000085b00000, 0x0000000085c00000, 0x0000000085c00000|100%|HC|  |TAMS 0x0000000085c00000, 0x0000000085b00000| Complete 
|  92|0x0000000085c00000, 0x0000000085d00000, 0x0000000085d00000|100%| O|  |TAMS 0x0000000085d00000, 0x0000000085c00000| Complete 
|  93|0x0000000085d00000, 0x0000000085e00000, 0x0000000085e00000|100%| O|  |TAMS 0x0000000085e00000, 0x0000000085d00000| Complete 
|  94|0x0000000085e00000, 0x0000000085f00000, 0x0000000085f00000|100%| O|  |TAMS 0x0000000085f00000, 0x0000000085e00000| Complete 
|  95|0x0000000085f00000, 0x0000000086000000, 0x0000000086000000|100%| O|  |TAMS 0x0000000086000000, 0x0000000085f00000| Complete 
|  96|0x0000000086000000, 0x0000000086100000, 0x0000000086100000|100%| O|  |TAMS 0x0000000086100000, 0x0000000086000000| Complete 
|  97|0x0000000086100000, 0x0000000086200000, 0x0000000086200000|100%| O|  |TAMS 0x0000000086200000, 0x0000000086100000| Complete 
|  98|0x0000000086200000, 0x0000000086300000, 0x0000000086300000|100%| O|  |TAMS 0x0000000086300000, 0x0000000086200000| Complete 
|  99|0x0000000086300000, 0x0000000086400000, 0x0000000086400000|100%| O|  |TAMS 0x0000000086400000, 0x0000000086300000| Untracked 
| 100|0x0000000086400000, 0x0000000086400000, 0x0000000086500000|  0%| F|  |TAMS 0x0000000086400000, 0x0000000086400000| Untracked 
| 101|0x0000000086500000, 0x0000000086600000, 0x0000000086600000|100%| O|  |TAMS 0x0000000086600000, 0x0000000086500000| Complete 
| 102|0x0000000086600000, 0x0000000086700000, 0x0000000086700000|100%| O|  |TAMS 0x0000000086700000, 0x0000000086600000| Complete 
| 103|0x0000000086700000, 0x0000000086800000, 0x0000000086800000|100%| O|  |TAMS 0x0000000086800000, 0x0000000086700000| Untracked 
| 104|0x0000000086800000, 0x0000000086900000, 0x0000000086900000|100%| O|  |TAMS 0x0000000086900000, 0x0000000086800000| Complete 
| 105|0x0000000086900000, 0x0000000086a00000, 0x0000000086a00000|100%| O|  |TAMS 0x0000000086a00000, 0x0000000086900000| Untracked 
| 106|0x0000000086a00000, 0x0000000086a00000, 0x0000000086b00000|  0%| F|  |TAMS 0x0000000086a00000, 0x0000000086a00000| Untracked 
| 107|0x0000000086b00000, 0x0000000086c00000, 0x0000000086c00000|100%| O|  |TAMS 0x0000000086c00000, 0x0000000086b00000| Untracked 
| 108|0x0000000086c00000, 0x0000000086d00000, 0x0000000086d00000|100%| O|  |TAMS 0x0000000086d00000, 0x0000000086c00000| Complete 
| 109|0x0000000086d00000, 0x0000000086e00000, 0x0000000086e00000|100%|HS|  |TAMS 0x0000000086e00000, 0x0000000086d00000| Complete 
| 110|0x0000000086e00000, 0x0000000086f00000, 0x0000000086f00000|100%|HC|  |TAMS 0x0000000086f00000, 0x0000000086e00000| Complete 
| 111|0x0000000086f00000, 0x0000000087000000, 0x0000000087000000|100%|HC|  |TAMS 0x0000000087000000, 0x0000000086f00000| Complete 
| 112|0x0000000087000000, 0x0000000087100000, 0x0000000087100000|100%|HC|  |TAMS 0x0000000087100000, 0x0000000087000000| Complete 
| 113|0x0000000087100000, 0x0000000087200000, 0x0000000087200000|100%|HS|  |TAMS 0x0000000087200000, 0x0000000087100000| Complete 
| 114|0x0000000087200000, 0x0000000087300000, 0x0000000087300000|100%|HC|  |TAMS 0x0000000087300000, 0x0000000087200000| Complete 
| 115|0x0000000087300000, 0x0000000087400000, 0x0000000087400000|100%|HC|  |TAMS 0x0000000087400000, 0x0000000087300000| Complete 
| 116|0x0000000087400000, 0x0000000087500000, 0x0000000087500000|100%|HS|  |TAMS 0x0000000087500000, 0x0000000087400000| Complete 
| 117|0x0000000087500000, 0x0000000087600000, 0x0000000087600000|100%|HC|  |TAMS 0x0000000087600000, 0x0000000087500000| Complete 
| 118|0x0000000087600000, 0x0000000087700000, 0x0000000087700000|100%|HC|  |TAMS 0x0000000087700000, 0x0000000087600000| Complete 
| 119|0x0000000087700000, 0x0000000087800000, 0x0000000087800000|100%|HC|  |TAMS 0x0000000087800000, 0x0000000087700000| Complete 
| 120|0x0000000087800000, 0x0000000087900000, 0x0000000087900000|100%| O|  |TAMS 0x0000000087900000, 0x0000000087800000| Complete 
| 121|0x0000000087900000, 0x0000000087a00000, 0x0000000087a00000|100%| O|  |TAMS 0x0000000087a00000, 0x0000000087900000| Complete 
| 122|0x0000000087a00000, 0x0000000087b00000, 0x0000000087b00000|100%| O|  |TAMS 0x0000000087b00000, 0x0000000087a00000| Untracked 
| 123|0x0000000087b00000, 0x0000000087c00000, 0x0000000087c00000|100%| O|  |TAMS 0x0000000087c00000, 0x0000000087b00000| Complete 
| 124|0x0000000087c00000, 0x0000000087c00000, 0x0000000087d00000|  0%| F|  |TAMS 0x0000000087c00000, 0x0000000087c00000| Untracked 
| 125|0x0000000087d00000, 0x0000000087d00000, 0x0000000087e00000|  0%| F|  |TAMS 0x0000000087d00000, 0x0000000087d00000| Untracked 
| 126|0x0000000087e00000, 0x0000000087f00000, 0x0000000087f00000|100%| O|  |TAMS 0x0000000087f00000, 0x0000000087e00000| Complete 
| 127|0x0000000087f00000, 0x0000000088000000, 0x0000000088000000|100%| O|  |TAMS 0x0000000088000000, 0x0000000087f00000| Complete 
| 128|0x0000000088000000, 0x0000000088100000, 0x0000000088100000|100%| O|  |TAMS 0x0000000088100000, 0x0000000088000000| Untracked 
| 129|0x0000000088100000, 0x0000000088200000, 0x0000000088200000|100%| O|  |TAMS 0x0000000088200000, 0x0000000088100000| Complete 
| 130|0x0000000088200000, 0x0000000088300000, 0x0000000088300000|100%| O|  |TAMS 0x0000000088300000, 0x0000000088200000| Complete 
| 131|0x0000000088300000, 0x0000000088300000, 0x0000000088400000|  0%| F|  |TAMS 0x0000000088300000, 0x0000000088300000| Untracked 
| 132|0x0000000088400000, 0x0000000088500000, 0x0000000088500000|100%| O|  |TAMS 0x0000000088500000, 0x0000000088400000| Complete 
| 133|0x0000000088500000, 0x0000000088500000, 0x0000000088600000|  0%| F|  |TAMS 0x0000000088500000, 0x0000000088500000| Untracked 
| 134|0x0000000088600000, 0x0000000088700000, 0x0000000088700000|100%| O|  |TAMS 0x0000000088700000, 0x0000000088600000| Complete 
| 135|0x0000000088700000, 0x0000000088700000, 0x0000000088800000|  0%| F|  |TAMS 0x0000000088700000, 0x0000000088700000| Untracked 
| 136|0x0000000088800000, 0x0000000088900000, 0x0000000088900000|100%| O|  |TAMS 0x0000000088900000, 0x0000000088800000| Complete 
| 137|0x0000000088900000, 0x0000000088a00000, 0x0000000088a00000|100%| O|  |TAMS 0x0000000088a00000, 0x0000000088900000| Complete 
| 138|0x0000000088a00000, 0x0000000088b00000, 0x0000000088b00000|100%| O|  |TAMS 0x0000000088b00000, 0x0000000088a00000| Untracked 
| 139|0x0000000088b00000, 0x0000000088c00000, 0x0000000088c00000|100%| O|  |TAMS 0x0000000088c00000, 0x0000000088b00000| Complete 
| 140|0x0000000088c00000, 0x0000000088d00000, 0x0000000088d00000|100%| O|  |TAMS 0x0000000088d00000, 0x0000000088c00000| Untracked 
| 141|0x0000000088d00000, 0x0000000088e00000, 0x0000000088e00000|100%| O|  |TAMS 0x0000000088e00000, 0x0000000088d00000| Complete 
| 142|0x0000000088e00000, 0x0000000088e00000, 0x0000000088f00000|  0%| F|  |TAMS 0x0000000088e00000, 0x0000000088e00000| Untracked 
| 143|0x0000000088f00000, 0x0000000088f00000, 0x0000000089000000|  0%| F|  |TAMS 0x0000000088f00000, 0x0000000088f00000| Untracked 
| 144|0x0000000089000000, 0x0000000089000000, 0x0000000089100000|  0%| F|  |TAMS 0x0000000089000000, 0x0000000089000000| Untracked 
| 145|0x0000000089100000, 0x0000000089100000, 0x0000000089200000|  0%| F|  |TAMS 0x0000000089100000, 0x0000000089100000| Untracked 
| 146|0x0000000089200000, 0x0000000089200000, 0x0000000089300000|  0%| F|  |TAMS 0x0000000089200000, 0x0000000089200000| Untracked 
| 147|0x0000000089300000, 0x0000000089400000, 0x0000000089400000|100%| O|  |TAMS 0x0000000089400000, 0x0000000089300000| Complete 
| 148|0x0000000089400000, 0x0000000089500000, 0x0000000089500000|100%| O|  |TAMS 0x0000000089500000, 0x0000000089400000| Complete 
| 149|0x0000000089500000, 0x0000000089500000, 0x0000000089600000|  0%| F|  |TAMS 0x0000000089500000, 0x0000000089500000| Untracked 
| 150|0x0000000089600000, 0x0000000089700000, 0x0000000089700000|100%| O|  |TAMS 0x0000000089700000, 0x0000000089600000| Untracked 
| 151|0x0000000089700000, 0x0000000089700000, 0x0000000089800000|  0%| F|  |TAMS 0x0000000089700000, 0x0000000089700000| Untracked 
| 152|0x0000000089800000, 0x0000000089800000, 0x0000000089900000|  0%| F|  |TAMS 0x0000000089800000, 0x0000000089800000| Untracked 
| 153|0x0000000089900000, 0x0000000089900000, 0x0000000089a00000|  0%| F|  |TAMS 0x0000000089900000, 0x0000000089900000| Untracked 
| 154|0x0000000089a00000, 0x0000000089b00000, 0x0000000089b00000|100%| O|  |TAMS 0x0000000089b00000, 0x0000000089a00000| Complete 
| 155|0x0000000089b00000, 0x0000000089c00000, 0x0000000089c00000|100%| O|  |TAMS 0x0000000089c00000, 0x0000000089b00000| Complete 
| 156|0x0000000089c00000, 0x0000000089c00000, 0x0000000089d00000|  0%| F|  |TAMS 0x0000000089c00000, 0x0000000089c00000| Untracked 
| 157|0x0000000089d00000, 0x0000000089e00000, 0x0000000089e00000|100%| O|  |TAMS 0x0000000089e00000, 0x0000000089d00000| Complete 
| 158|0x0000000089e00000, 0x0000000089f00000, 0x0000000089f00000|100%| O|  |TAMS 0x0000000089f00000, 0x0000000089e00000| Complete 
| 159|0x0000000089f00000, 0x0000000089f00000, 0x000000008a000000|  0%| F|  |TAMS 0x0000000089f00000, 0x0000000089f00000| Untracked 
| 160|0x000000008a000000, 0x000000008a000000, 0x000000008a100000|  0%| F|  |TAMS 0x000000008a000000, 0x000000008a000000| Untracked 
| 161|0x000000008a100000, 0x000000008a100000, 0x000000008a200000|  0%| F|  |TAMS 0x000000008a100000, 0x000000008a100000| Untracked 
| 162|0x000000008a200000, 0x000000008a200000, 0x000000008a300000|  0%| F|  |TAMS 0x000000008a200000, 0x000000008a200000| Untracked 
| 163|0x000000008a300000, 0x000000008a300000, 0x000000008a400000|  0%| F|  |TAMS 0x000000008a300000, 0x000000008a300000| Untracked 
| 164|0x000000008a400000, 0x000000008a400000, 0x000000008a500000|  0%| F|  |TAMS 0x000000008a400000, 0x000000008a400000| Untracked 
| 165|0x000000008a500000, 0x000000008a500000, 0x000000008a600000|  0%| F|  |TAMS 0x000000008a500000, 0x000000008a500000| Untracked 
| 166|0x000000008a600000, 0x000000008a600000, 0x000000008a700000|  0%| F|  |TAMS 0x000000008a600000, 0x000000008a600000| Untracked 
| 167|0x000000008a700000, 0x000000008a700000, 0x000000008a800000|  0%| F|  |TAMS 0x000000008a700000, 0x000000008a700000| Untracked 
| 168|0x000000008a800000, 0x000000008a800000, 0x000000008a900000|  0%| F|  |TAMS 0x000000008a800000, 0x000000008a800000| Untracked 
| 169|0x000000008a900000, 0x000000008a900000, 0x000000008aa00000|  0%| F|  |TAMS 0x000000008a900000, 0x000000008a900000| Untracked 
| 170|0x000000008aa00000, 0x000000008ab00000, 0x000000008ab00000|100%| S|CS|TAMS 0x000000008aa00000, 0x000000008aa00000| Complete 
| 171|0x000000008ab00000, 0x000000008ac00000, 0x000000008ac00000|100%| S|CS|TAMS 0x000000008ab00000, 0x000000008ab00000| Complete 
| 172|0x000000008ac00000, 0x000000008ad00000, 0x000000008ad00000|100%| S|CS|TAMS 0x000000008ac00000, 0x000000008ac00000| Complete 
| 173|0x000000008ad00000, 0x000000008ae00000, 0x000000008ae00000|100%| S|CS|TAMS 0x000000008ad00000, 0x000000008ad00000| Complete 
| 174|0x000000008ae00000, 0x000000008af00000, 0x000000008af00000|100%| S|CS|TAMS 0x000000008ae00000, 0x000000008ae00000| Complete 
| 175|0x000000008af00000, 0x000000008b000000, 0x000000008b000000|100%| S|CS|TAMS 0x000000008af00000, 0x000000008af00000| Complete 
| 176|0x000000008b000000, 0x000000008b000000, 0x000000008b100000|  0%| F|  |TAMS 0x000000008b000000, 0x000000008b000000| Untracked 
| 177|0x000000008b100000, 0x000000008b100000, 0x000000008b200000|  0%| F|  |TAMS 0x000000008b100000, 0x000000008b100000| Untracked 
| 178|0x000000008b200000, 0x000000008b200000, 0x000000008b300000|  0%| F|  |TAMS 0x000000008b200000, 0x000000008b200000| Untracked 
| 179|0x000000008b300000, 0x000000008b300000, 0x000000008b400000|  0%| F|  |TAMS 0x000000008b300000, 0x000000008b300000| Untracked 
| 180|0x000000008b400000, 0x000000008b400000, 0x000000008b500000|  0%| F|  |TAMS 0x000000008b400000, 0x000000008b400000| Untracked 
| 181|0x000000008b500000, 0x000000008b500000, 0x000000008b600000|  0%| F|  |TAMS 0x000000008b500000, 0x000000008b500000| Untracked 
| 182|0x000000008b600000, 0x000000008b600000, 0x000000008b700000|  0%| F|  |TAMS 0x000000008b600000, 0x000000008b600000| Untracked 
| 183|0x000000008b700000, 0x000000008b700000, 0x000000008b800000|  0%| F|  |TAMS 0x000000008b700000, 0x000000008b700000| Untracked 
| 184|0x000000008b800000, 0x000000008b800000, 0x000000008b900000|  0%| F|  |TAMS 0x000000008b800000, 0x000000008b800000| Untracked 
| 185|0x000000008b900000, 0x000000008b900000, 0x000000008ba00000|  0%| F|  |TAMS 0x000000008b900000, 0x000000008b900000| Untracked 
| 186|0x000000008ba00000, 0x000000008ba7a190, 0x000000008bb00000| 47%| E|  |TAMS 0x000000008ba00000, 0x000000008ba00000| Complete 
| 187|0x000000008bb00000, 0x000000008bc00000, 0x000000008bc00000|100%| E|CS|TAMS 0x000000008bb00000, 0x000000008bb00000| Complete 
| 188|0x000000008bc00000, 0x000000008bd00000, 0x000000008bd00000|100%| E|CS|TAMS 0x000000008bc00000, 0x000000008bc00000| Complete 
| 189|0x000000008bd00000, 0x000000008be00000, 0x000000008be00000|100%| E|CS|TAMS 0x000000008bd00000, 0x000000008bd00000| Complete 
| 190|0x000000008be00000, 0x000000008bf00000, 0x000000008bf00000|100%| E|  |TAMS 0x000000008be00000, 0x000000008be00000| Complete 
| 191|0x000000008bf00000, 0x000000008c000000, 0x000000008c000000|100%| E|CS|TAMS 0x000000008bf00000, 0x000000008bf00000| Complete 
| 192|0x000000008c000000, 0x000000008c100000, 0x000000008c100000|100%| E|CS|TAMS 0x000000008c000000, 0x000000008c000000| Complete 
| 193|0x000000008c100000, 0x000000008c200000, 0x000000008c200000|100%| E|CS|TAMS 0x000000008c100000, 0x000000008c100000| Complete 
| 194|0x000000008c200000, 0x000000008c300000, 0x000000008c300000|100%| E|CS|TAMS 0x000000008c200000, 0x000000008c200000| Complete 
| 195|0x000000008c300000, 0x000000008c400000, 0x000000008c400000|100%| E|CS|TAMS 0x000000008c300000, 0x000000008c300000| Complete 
| 196|0x000000008c400000, 0x000000008c500000, 0x000000008c500000|100%| E|CS|TAMS 0x000000008c400000, 0x000000008c400000| Complete 
| 197|0x000000008c500000, 0x000000008c600000, 0x000000008c600000|100%| E|CS|TAMS 0x000000008c500000, 0x000000008c500000| Complete 
| 198|0x000000008c600000, 0x000000008c700000, 0x000000008c700000|100%| E|CS|TAMS 0x000000008c600000, 0x000000008c600000| Complete 
| 199|0x000000008c700000, 0x000000008c800000, 0x000000008c800000|100%| E|CS|TAMS 0x000000008c700000, 0x000000008c700000| Complete 
| 200|0x000000008c800000, 0x000000008c900000, 0x000000008c900000|100%| E|CS|TAMS 0x000000008c800000, 0x000000008c800000| Complete 
| 201|0x000000008c900000, 0x000000008ca00000, 0x000000008ca00000|100%| E|CS|TAMS 0x000000008c900000, 0x000000008c900000| Complete 
| 202|0x000000008ca00000, 0x000000008cb00000, 0x000000008cb00000|100%| E|CS|TAMS 0x000000008ca00000, 0x000000008ca00000| Complete 
| 203|0x000000008cb00000, 0x000000008cc00000, 0x000000008cc00000|100%| E|CS|TAMS 0x000000008cb00000, 0x000000008cb00000| Complete 
| 204|0x000000008cc00000, 0x000000008cd00000, 0x000000008cd00000|100%| E|CS|TAMS 0x000000008cc00000, 0x000000008cc00000| Complete 
| 205|0x000000008cd00000, 0x000000008ce00000, 0x000000008ce00000|100%| E|CS|TAMS 0x000000008cd00000, 0x000000008cd00000| Complete 
| 206|0x000000008ce00000, 0x000000008cf00000, 0x000000008cf00000|100%| E|CS|TAMS 0x000000008ce00000, 0x000000008ce00000| Complete 
| 207|0x000000008cf00000, 0x000000008d000000, 0x000000008d000000|100%| E|CS|TAMS 0x000000008cf00000, 0x000000008cf00000| Complete 
| 208|0x000000008d000000, 0x000000008d100000, 0x000000008d100000|100%| E|CS|TAMS 0x000000008d000000, 0x000000008d000000| Complete 
| 209|0x000000008d100000, 0x000000008d200000, 0x000000008d200000|100%| E|CS|TAMS 0x000000008d100000, 0x000000008d100000| Complete 
| 210|0x000000008d200000, 0x000000008d300000, 0x000000008d300000|100%| E|CS|TAMS 0x000000008d200000, 0x000000008d200000| Complete 
| 211|0x000000008d300000, 0x000000008d400000, 0x000000008d400000|100%| E|CS|TAMS 0x000000008d300000, 0x000000008d300000| Complete 
| 212|0x000000008d400000, 0x000000008d500000, 0x000000008d500000|100%| E|CS|TAMS 0x000000008d400000, 0x000000008d400000| Complete 
| 213|0x000000008d500000, 0x000000008d600000, 0x000000008d600000|100%| E|CS|TAMS 0x000000008d500000, 0x000000008d500000| Complete 
| 214|0x000000008d600000, 0x000000008d700000, 0x000000008d700000|100%| E|CS|TAMS 0x000000008d600000, 0x000000008d600000| Complete 
| 215|0x000000008d700000, 0x000000008d800000, 0x000000008d800000|100%| E|CS|TAMS 0x000000008d700000, 0x000000008d700000| Complete 
| 216|0x000000008d800000, 0x000000008d900000, 0x000000008d900000|100%| E|CS|TAMS 0x000000008d800000, 0x000000008d800000| Complete 
| 217|0x000000008d900000, 0x000000008da00000, 0x000000008da00000|100%| E|CS|TAMS 0x000000008d900000, 0x000000008d900000| Complete 
| 218|0x000000008da00000, 0x000000008db00000, 0x000000008db00000|100%| E|CS|TAMS 0x000000008da00000, 0x000000008da00000| Complete 
| 219|0x000000008db00000, 0x000000008dc00000, 0x000000008dc00000|100%| E|CS|TAMS 0x000000008db00000, 0x000000008db00000| Complete 
| 220|0x000000008dc00000, 0x000000008dd00000, 0x000000008dd00000|100%| E|CS|TAMS 0x000000008dc00000, 0x000000008dc00000| Complete 
| 221|0x000000008dd00000, 0x000000008de00000, 0x000000008de00000|100%| E|CS|TAMS 0x000000008dd00000, 0x000000008dd00000| Complete 
| 222|0x000000008de00000, 0x000000008df00000, 0x000000008df00000|100%| E|CS|TAMS 0x000000008de00000, 0x000000008de00000| Complete 
| 223|0x000000008df00000, 0x000000008e000000, 0x000000008e000000|100%| E|CS|TAMS 0x000000008df00000, 0x000000008df00000| Complete 

Card table byte_map: [0x000001f17fb90000,0x000001f17ff90000] _byte_map_base: 0x000001f17f790000

Marking Bits (Prev, Next): (CMBitMap*) 0x000001f17d4b0c40, (CMBitMap*) 0x000001f17d4b0c08
 Prev Bits: [0x000001f114e20000, 0x000001f116e20000)
 Next Bits: [0x000001f112e20000, 0x000001f114e20000)

Polling page: 0x000001f17d310000

Metaspace:

Usage:
  Non-class:    129.94 MB capacity,   127.10 MB ( 98%) used,     2.32 MB (  2%) free+waste,   538.88 KB ( <1%) overhead. 
      Class:     19.49 MB capacity,    17.82 MB ( 91%) used,     1.44 MB (  7%) free+waste,   233.75 KB (  1%) overhead. 
       Both:    149.44 MB capacity,   144.92 MB ( 97%) used,     3.76 MB (  3%) free+waste,   772.63 KB ( <1%) overhead. 

Virtual space:
  Non-class space:      134.00 MB reserved,     133.45 MB (>99%) committed 
      Class space:        1.00 GB reserved,      20.25 MB (  2%) committed 
             Both:        1.13 GB reserved,     153.70 MB ( 13%) committed 

Chunk freelists:
   Non-Class:  3.51 MB
       Class:  711.00 KB
        Both:  4.20 MB

MaxMetaspaceSize: 17179869184.00 GB
CompressedClassSpaceSize: 1.00 GB

CodeHeap 'non-profiled nmethods': size=120000Kb used=25646Kb max_used=26534Kb free=94353Kb
 bounds [0x000001f10b4f0000, 0x000001f10cee0000, 0x000001f112a20000]
CodeHeap 'profiled nmethods': size=120000Kb used=55936Kb max_used=57845Kb free=64064Kb
 bounds [0x000001f103fc0000, 0x000001f107890000, 0x000001f10b4f0000]
CodeHeap 'non-nmethods': size=5760Kb used=2416Kb max_used=2490Kb free=3343Kb
 bounds [0x000001f103a20000, 0x000001f103ca0000, 0x000001f103fc0000]
 total_blobs=27585 nmethods=26532 adapters=962
 compilation: enabled
              stopped_count=0, restarted_count=0
 full_count=0

Compilation events (20 events):
Event: 22203.648 Thread 0x000001f119922800 33224       3       org.apache.xerces.dom.ParentNode::item (6 bytes)
Event: 22203.648 Thread 0x000001f119922800 nmethod 33224 0x000001f1040a8a90 code [0x000001f1040a8c40, 0x000001f1040a8d68]
Event: 22203.649 Thread 0x000001f119922800 33225       3       org.apache.xerces.dom.CoreDocumentImpl::freeNodeListCache (14 bytes)
Event: 22203.649 Thread 0x000001f119922800 nmethod 33225 0x000001f1040c0790 code [0x000001f1040c0940, 0x000001f1040c0af8]
Event: 22203.662 Thread 0x000001f1222d5800 nmethod 33219 0x000001f10b6dec90 code [0x000001f10b6deea0, 0x000001f10b6df7a8]
Event: 22203.662 Thread 0x000001f1222d5800 33223       4       org.apache.xerces.impl.XMLEntityScanner::scanData (1105 bytes)
Event: 22203.676 Thread 0x000001f119922800 33228   !   3       org.apache.xerces.impl.XMLEntityManager::endEntity (166 bytes)
Event: 22203.678 Thread 0x000001f119922800 nmethod 33228 0x000001f104260d10 code [0x000001f1042610a0, 0x000001f1042639e8]
Event: 22203.688 Thread 0x000001f119922800 33229  s    3       org.apache.xerces.jaxp.SAXParserImpl$JAXPSAXParser::setProperty (391 bytes)
Event: 22203.691 Thread 0x000001f119922800 nmethod 33229 0x000001f10445fc90 code [0x000001f104460160, 0x000001f1044626b8]
Event: 22203.711 Thread 0x000001f1222d9000 nmethod 33206 0x000001f10b8cb110 code [0x000001f10b8cb380, 0x000001f10b8cceb8]
Event: 22203.712 Thread 0x000001f1222d9000 33207       4       org.apache.xerces.dom.AttributeMap::setNamedItem (314 bytes)
Event: 22203.712 Thread 0x000001f119922800 33230       3       javax.xml.parsers.DocumentBuilder::<init> (5 bytes)
Event: 22203.712 Thread 0x000001f119922800 nmethod 33230 0x000001f1040c2810 code [0x000001f1040c29c0, 0x000001f1040c2b18]
Event: 22203.722 Thread 0x000001f119922800 33231   !   3       com.android.utils.PositionXmlParser::readAllBytes (87 bytes)
Event: 22203.723 Thread 0x000001f119922800 nmethod 33231 0x000001f1040e9990 code [0x000001f1040e9c20, 0x000001f1040ea9d8]
Event: 22203.747 Thread 0x000001f1222d5800 nmethod 33223 0x000001f10b8c1410 code [0x000001f10b8c1640, 0x000001f10b8c2b68]
Event: 22203.747 Thread 0x000001f1222d5800 33218       4       org.apache.xerces.xni.XMLString::setValues (17 bytes)
Event: 22203.750 Thread 0x000001f1222d5800 nmethod 33218 0x000001f10b5d2110 code [0x000001f10b5d22a0, 0x000001f10b5d23d8]
Event: 22203.750 Thread 0x000001f1222d5800 33222       4       org.apache.xerces.dom.NodeImpl::setUserData (12 bytes)

GC Heap History (20 events):
Event: 20038.974 GC heap before
{Heap before GC invocations=216 (full 0):
 garbage-first heap   total 229376K, used 190666K [0x0000000080000000, 0x0000000100000000)
  region size 1024K, 44 young (45056K), 2 survivors (2048K)
 Metaspace       used 146555K, capacity 151479K, committed 157392K, reserved 1185792K
  class space    used 18133K, capacity 19908K, committed 20736K, reserved 1048576K
}
Event: 20038.988 GC heap after
{Heap after GC invocations=217 (full 0):
 garbage-first heap   total 229376K, used 151687K [0x0000000080000000, 0x0000000100000000)
  region size 1024K, 5 young (5120K), 5 survivors (5120K)
 Metaspace       used 146555K, capacity 151479K, committed 157392K, reserved 1185792K
  class space    used 18133K, capacity 19908K, committed 20736K, reserved 1048576K
}
Event: 20039.488 GC heap before
{Heap before GC invocations=218 (full 0):
 garbage-first heap   total 229376K, used 192647K [0x0000000080000000, 0x0000000100000000)
  region size 1024K, 45 young (46080K), 5 survivors (5120K)
 Metaspace       used 146619K, capacity 151477K, committed 157392K, reserved 1185792K
  class space    used 18129K, capacity 19881K, committed 20736K, reserved 1048576K
}
Event: 20039.504 GC heap after
{Heap after GC invocations=219 (full 0):
 garbage-first heap   total 229376K, used 155118K [0x0000000080000000, 0x0000000100000000)
  region size 1024K, 4 young (4096K), 4 survivors (4096K)
 Metaspace       used 146619K, capacity 151477K, committed 157392K, reserved 1185792K
  class space    used 18129K, capacity 19881K, committed 20736K, reserved 1048576K
}
Event: 20043.986 GC heap before
{Heap before GC invocations=219 (full 0):
 garbage-first heap   total 229376K, used 161262K [0x0000000080000000, 0x0000000100000000)
  region size 1024K, 11 young (11264K), 4 survivors (4096K)
 Metaspace       used 146672K, capacity 151521K, committed 157392K, reserved 1185792K
  class space    used 18137K, capacity 19892K, committed 20736K, reserved 1048576K
}
Event: 20044.028 GC heap after
{Heap after GC invocations=220 (full 0):
 garbage-first heap   total 229376K, used 142534K [0x0000000080000000, 0x0000000100000000)
  region size 1024K, 2 young (2048K), 2 survivors (2048K)
 Metaspace       used 146672K, capacity 151521K, committed 157392K, reserved 1185792K
  class space    used 18137K, capacity 19892K, committed 20736K, reserved 1048576K
}
Event: 20044.501 GC heap before
{Heap before GC invocations=220 (full 0):
 garbage-first heap   total 229376K, used 190662K [0x0000000080000000, 0x0000000100000000)
  region size 1024K, 49 young (50176K), 2 survivors (2048K)
 Metaspace       used 146821K, capacity 151795K, committed 157392K, reserved 1185792K
  class space    used 18154K, capacity 19939K, committed 20736K, reserved 1048576K
}
Event: 20044.547 GC heap after
{Heap after GC invocations=221 (full 0):
 garbage-first heap   total 229376K, used 149110K [0x0000000080000000, 0x0000000100000000)
  region size 1024K, 7 young (7168K), 7 survivors (7168K)
 Metaspace       used 146821K, capacity 151795K, committed 157392K, reserved 1185792K
  class space    used 18154K, capacity 19939K, committed 20736K, reserved 1048576K
}
Event: 20057.177 GC heap before
{Heap before GC invocations=222 (full 0):
 garbage-first heap   total 229376K, used 191094K [0x0000000080000000, 0x0000000100000000)
  region size 1024K, 48 young (49152K), 7 survivors (7168K)
 Metaspace       used 147008K, capacity 152018K, committed 157392K, reserved 1185792K
  class space    used 18180K, capacity 19977K, committed 20736K, reserved 1048576K
}
Event: 20057.196 GC heap after
{Heap after GC invocations=223 (full 0):
 garbage-first heap   total 229376K, used 153501K [0x0000000080000000, 0x0000000100000000)
  region size 1024K, 5 young (5120K), 5 survivors (5120K)
 Metaspace       used 147008K, capacity 152018K, committed 157392K, reserved 1185792K
  class space    used 18180K, capacity 19977K, committed 20736K, reserved 1048576K
}
Event: 20057.261 GC heap before
{Heap before GC invocations=223 (full 0):
 garbage-first heap   total 229376K, used 159645K [0x0000000080000000, 0x0000000100000000)
  region size 1024K, 11 young (11264K), 5 survivors (5120K)
 Metaspace       used 147017K, capacity 152021K, committed 157392K, reserved 1185792K
  class space    used 18180K, capacity 19978K, committed 20736K, reserved 1048576K
}
Event: 20057.283 GC heap after
{Heap after GC invocations=224 (full 0):
 garbage-first heap   total 229376K, used 139779K [0x0000000080000000, 0x0000000100000000)
  region size 1024K, 1 young (1024K), 1 survivors (1024K)
 Metaspace       used 147017K, capacity 152021K, committed 157392K, reserved 1185792K
  class space    used 18180K, capacity 19978K, committed 20736K, reserved 1048576K
}
Event: 20873.132 GC heap before
{Heap before GC invocations=224 (full 0):
 garbage-first heap   total 229376K, used 186883K [0x0000000080000000, 0x0000000100000000)
  region size 1024K, 47 young (48128K), 1 survivors (1024K)
 Metaspace       used 147133K, capacity 152154K, committed 157392K, reserved 1185792K
  class space    used 18189K, capacity 19995K, committed 20736K, reserved 1048576K
}
Event: 20873.159 GC heap after
{Heap after GC invocations=225 (full 0):
 garbage-first heap   total 229376K, used 142017K [0x0000000080000000, 0x0000000100000000)
  region size 1024K, 4 young (4096K), 4 survivors (4096K)
 Metaspace       used 147133K, capacity 152154K, committed 157392K, reserved 1185792K
  class space    used 18189K, capacity 19995K, committed 20736K, reserved 1048576K
}
Event: 22199.698 GC heap before
{Heap before GC invocations=226 (full 0):
 garbage-first heap   total 229376K, used 188097K [0x0000000080000000, 0x0000000100000000)
  region size 1024K, 49 young (50176K), 4 survivors (4096K)
 Metaspace       used 147100K, capacity 152058K, committed 157392K, reserved 1185792K
  class space    used 18175K, capacity 19955K, committed 20736K, reserved 1048576K
}
Event: 22199.710 GC heap after
{Heap after GC invocations=227 (full 0):
 garbage-first heap   total 229376K, used 144497K [0x0000000080000000, 0x0000000100000000)
  region size 1024K, 6 young (6144K), 6 survivors (6144K)
 Metaspace       used 147100K, capacity 152058K, committed 157392K, reserved 1185792K
  class space    used 18175K, capacity 19955K, committed 20736K, reserved 1048576K
}
Event: 22199.772 GC heap before
{Heap before GC invocations=227 (full 0):
 garbage-first heap   total 229376K, used 149617K [0x0000000080000000, 0x0000000100000000)
  region size 1024K, 11 young (11264K), 6 survivors (6144K)
 Metaspace       used 147112K, capacity 152058K, committed 157392K, reserved 1185792K
  class space    used 18175K, capacity 19955K, committed 20736K, reserved 1048576K
}
Event: 22199.811 GC heap after
{Heap after GC invocations=228 (full 0):
 garbage-first heap   total 229376K, used 142481K [0x0000000080000000, 0x0000000100000000)
  region size 1024K, 2 young (2048K), 2 survivors (2048K)
 Metaspace       used 147112K, capacity 152058K, committed 157392K, reserved 1185792K
  class space    used 18175K, capacity 19955K, committed 20736K, reserved 1048576K
}
Event: 22202.675 GC heap before
{Heap before GC invocations=228 (full 0):
 garbage-first heap   total 229376K, used 188561K [0x0000000080000000, 0x0000000100000000)
  region size 1024K, 48 young (49152K), 2 survivors (2048K)
 Metaspace       used 148854K, capacity 153906K, committed 157392K, reserved 1185792K
  class space    used 18370K, capacity 20189K, committed 20736K, reserved 1048576K
}
Event: 22202.702 GC heap after
{Heap after GC invocations=229 (full 0):
 garbage-first heap   total 229376K, used 148342K [0x0000000080000000, 0x0000000100000000)
  region size 1024K, 6 young (6144K), 6 survivors (6144K)
 Metaspace       used 148854K, capacity 153906K, committed 157392K, reserved 1185792K
  class space    used 18370K, capacity 20189K, committed 20736K, reserved 1048576K
}

Deoptimization events (20 events):
Event: 22203.528 Thread 0x000001f11e33d000 Uncommon trap: trap_request=0xffffff4d fr.pc=0x000001f10ced2ed8 relative=0x0000000000000298
Event: 22203.528 Thread 0x000001f11e33d000 Uncommon trap: reason=unstable_if action=reinterpret pc=0x000001f10ced2ed8 method=org.apache.xerces.dom.ParentNode.nodeListItem(I)Lorg/w3c/dom/Node; @ 4 c2
Event: 22203.528 Thread 0x000001f11e33d000 DEOPT PACKING pc=0x000001f10ced2ed8 sp=0x0000001e380fa4e0
Event: 22203.529 Thread 0x000001f11e33d000 DEOPT UNPACKING pc=0x000001f103a4662f sp=0x0000001e380fa420 mode 2
Event: 22203.549 Thread 0x000001f11e33d000 Uncommon trap: trap_request=0xffffffde fr.pc=0x000001f10cecc4b8 relative=0x0000000000000678
Event: 22203.549 Thread 0x000001f11e33d000 Uncommon trap: reason=class_check action=maybe_recompile pc=0x000001f10cecc4b8 method=org.apache.xerces.dom.NamedNodeMapImpl.findNamePoint(Ljava/lang/String;I)I @ 47 c2
Event: 22203.549 Thread 0x000001f11e33d000 DEOPT PACKING pc=0x000001f10cecc4b8 sp=0x0000001e380f99e0
Event: 22203.549 Thread 0x000001f11e33d000 DEOPT UNPACKING pc=0x000001f103a4662f sp=0x0000001e380f9978 mode 2
Event: 22203.559 Thread 0x000001f11e33d000 Uncommon trap: trap_request=0xffffff4d fr.pc=0x000001f10cedaff0 relative=0x0000000000000b30
Event: 22203.559 Thread 0x000001f11e33d000 Uncommon trap: reason=unstable_if action=reinterpret pc=0x000001f10cedaff0 method=org.apache.xerces.impl.XMLNSDocumentScannerImpl.scanAttribute(Lorg/apache/xerces/util/XMLAttributesImpl;)V @ 276 c2
Event: 22203.559 Thread 0x000001f11e33d000 DEOPT PACKING pc=0x000001f10cedaff0 sp=0x0000001e380f9c80
Event: 22203.559 Thread 0x000001f11e33d000 DEOPT UNPACKING pc=0x000001f103a4662f sp=0x0000001e380f9c38 mode 2
Event: 22203.560 Thread 0x000001f11e33d000 Uncommon trap: trap_request=0xffffff4d fr.pc=0x000001f10ceaf860 relative=0x00000000000006c0
Event: 22203.560 Thread 0x000001f11e33d000 Uncommon trap: reason=unstable_if action=reinterpret pc=0x000001f10ceaf860 method=org.apache.xerces.impl.XMLEntityScanner.scanLiteral(ILorg/apache/xerces/xni/XMLString;)I @ 606 c2
Event: 22203.566 Thread 0x000001f11e33d000 DEOPT PACKING pc=0x000001f10ceaf860 sp=0x0000001e380f9b40
Event: 22203.566 Thread 0x000001f11e33d000 DEOPT UNPACKING pc=0x000001f103a4662f sp=0x0000001e380f9ac8 mode 2
Event: 22203.566 Thread 0x000001f11e33d000 Uncommon trap: trap_request=0xffffff4d fr.pc=0x000001f10ced8c94 relative=0x0000000000000f34
Event: 22203.566 Thread 0x000001f11e33d000 Uncommon trap: reason=unstable_if action=reinterpret pc=0x000001f10ced8c94 method=org.apache.xerces.impl.XMLScanner.scanAttributeValue(Lorg/apache/xerces/xni/XMLString;Lorg/apache/xerces/xni/XMLString;Ljava/lang/String;ZLjava/lang/String;)Z @ 642 c2
Event: 22203.566 Thread 0x000001f11e33d000 DEOPT PACKING pc=0x000001f10ced8c94 sp=0x0000001e380f9ba0
Event: 22203.566 Thread 0x000001f11e33d000 DEOPT UNPACKING pc=0x000001f103a4662f sp=0x0000001e380f9b70 mode 2

Classes redefined (0 events):
No events

Internal exceptions (20 events):
Event: 22199.912 Thread 0x000001f11c333800 Exception <a 'sun/nio/fs/WindowsException'{0x000000008d597400}> (0x000000008d597400) thrown at [./src/hotspot/share/prims/jni.cpp, line 615]
Event: 22199.979 Thread 0x000001f1269f9800 Exception <a 'java/lang/NoSuchMethodError'{0x000000008d047f50}: <clinit>> (0x000000008d047f50) thrown at [./src/hotspot/share/prims/jni.cpp, line 1362]
Event: 22199.982 Thread 0x000001f11e33f000 Exception <a 'java/lang/NoSuchMethodError'{0x000000008d0607b8}: <clinit>> (0x000000008d0607b8) thrown at [./src/hotspot/share/prims/jni.cpp, line 1362]
Event: 22199.982 Thread 0x000001f1269f9800 Exception <a 'java/lang/NoSuchMethodError'{0x000000008d065a70}: <clinit>> (0x000000008d065a70) thrown at [./src/hotspot/share/prims/jni.cpp, line 1362]
Event: 22199.983 Thread 0x000001f1269f9800 Exception <a 'java/lang/NoSuchMethodError'{0x000000008d080b88}: <clinit>> (0x000000008d080b88) thrown at [./src/hotspot/share/prims/jni.cpp, line 1362]
Event: 22199.984 Thread 0x000001f11e33f000 Exception <a 'java/lang/NoSuchMethodError'{0x000000008d0928b8}: <clinit>> (0x000000008d0928b8) thrown at [./src/hotspot/share/prims/jni.cpp, line 1362]
Event: 22199.984 Thread 0x000001f1269f9800 Exception <a 'java/lang/NoSuchMethodError'{0x000000008d0a0db0}: <clinit>> (0x000000008d0a0db0) thrown at [./src/hotspot/share/prims/jni.cpp, line 1362]
Event: 22199.984 Thread 0x000001f1269f9800 Exception <a 'java/lang/NoSuchMethodError'{0x000000008d0a22d0}: <clinit>> (0x000000008d0a22d0) thrown at [./src/hotspot/share/prims/jni.cpp, line 1362]
Event: 22199.986 Thread 0x000001f11e33f000 Exception <a 'java/lang/NoSuchMethodError'{0x000000008d0c41a0}: <clinit>> (0x000000008d0c41a0) thrown at [./src/hotspot/share/prims/jni.cpp, line 1362]
Event: 22199.991 Thread 0x000001f1269f9800 Exception <a 'java/lang/NoSuchMethodError'{0x000000008d0e4c30}: <clinit>> (0x000000008d0e4c30) thrown at [./src/hotspot/share/prims/jni.cpp, line 1362]
Event: 22200.017 Thread 0x000001f11e33e000 Exception <a 'net/rubygrapefruit/platform/NativeException'{0x000000008cf06780}: Couldn't start watching, error = 1: E:\android_studio\DatabaseTest> (0x000000008cf06780) thrown at [./src/hotspot/share/prims/jni.cpp, line 636]
Event: 22200.033 Thread 0x000001f11c330000 Exception <a 'java/lang/NoSuchMethodError'{0x000000008cf95c00}: <clinit>> (0x000000008cf95c00) thrown at [./src/hotspot/share/prims/jni.cpp, line 1362]
Event: 22200.033 Thread 0x000001f11c330000 Exception <a 'java/lang/NoSuchMethodError'{0x000000008cfa1298}: <clinit>> (0x000000008cfa1298) thrown at [./src/hotspot/share/prims/jni.cpp, line 1362]
Event: 22200.622 Thread 0x000001f1269f9800 Exception <a 'java/lang/NoSuchMethodError'{0x000000008ce9d360}: <clinit>> (0x000000008ce9d360) thrown at [./src/hotspot/share/prims/jni.cpp, line 1362]
Event: 22200.798 Thread 0x000001f11e33e000 Exception <a 'sun/nio/fs/WindowsException'{0x000000008cea3d30}> (0x000000008cea3d30) thrown at [./src/hotspot/share/prims/jni.cpp, line 615]
Event: 22200.798 Thread 0x000001f11e33e000 Exception <a 'sun/nio/fs/WindowsException'{0x000000008cea4bd8}> (0x000000008cea4bd8) thrown at [./src/hotspot/share/prims/jni.cpp, line 615]
Event: 22200.850 Thread 0x000001f1222d5000 Exception <a 'sun/nio/fs/WindowsException'{0x000000008cd5ce38}> (0x000000008cd5ce38) thrown at [./src/hotspot/share/prims/jni.cpp, line 615]
Event: 22201.001 Thread 0x000001f12216e800 Implicit null exception at 0x000001f10cdf1b59 to 0x000001f10cdf252c
Event: 22201.160 Thread 0x000001f11e33f800 Exception <a 'java/lang/NoSuchMethodError'{0x000000008c335b30}: <clinit>> (0x000000008c335b30) thrown at [./src/hotspot/share/prims/jni.cpp, line 1362]
Event: 22203.528 Thread 0x000001f11e33d000 Implicit null exception at 0x000001f10ced2c75 to 0x000001f10ced2ebc

Events (20 events):
Event: 22203.642 Thread 0x000001f119923800 flushing nmethod 0x000001f107384190
Event: 22203.642 Thread 0x000001f119923800 flushing nmethod 0x000001f107384510
Event: 22203.642 Thread 0x000001f119923800 flushing nmethod 0x000001f107384b90
Event: 22203.642 Thread 0x000001f119923800 flushing nmethod 0x000001f10738a510
Event: 22203.642 Thread 0x000001f119923800 flushing nmethod 0x000001f10738ca90
Event: 22203.643 Thread 0x000001f119923800 flushing nmethod 0x000001f10739ce90
Event: 22203.643 Thread 0x000001f119923800 flushing nmethod 0x000001f1073b6090
Event: 22203.643 Thread 0x000001f119923800 flushing nmethod 0x000001f1073b6490
Event: 22203.643 Thread 0x000001f119923800 flushing nmethod 0x000001f1073b6f90
Event: 22203.643 Thread 0x000001f119923800 flushing nmethod 0x000001f1073b8190
Event: 22203.643 Thread 0x000001f119923800 flushing nmethod 0x000001f1073b8f90
Event: 22203.643 Thread 0x000001f119923800 flushing nmethod 0x000001f1073b9b10
Event: 22203.644 Thread 0x000001f119923800 flushing nmethod 0x000001f1073f8910
Event: 22203.644 Thread 0x000001f119923800 flushing nmethod 0x000001f1073fb790
Event: 22203.644 Thread 0x000001f119923800 flushing nmethod 0x000001f107407c10
Event: 22203.644 Thread 0x000001f119923800 flushing nmethod 0x000001f10740c090
Event: 22203.644 Thread 0x000001f119923800 flushing nmethod 0x000001f107415f90
Event: 22203.644 Thread 0x000001f119923800 flushing nmethod 0x000001f107420490
Event: 22203.648 Thread 0x000001f119923800 flushing nmethod 0x000001f107523c10
Event: 22203.648 Thread 0x000001f119923800 flushing nmethod 0x000001f107527e90


Dynamic libraries:
0x00007ff694e80000 - 0x00007ff694e8a000 	D:\Android\jre\bin\java.exe
0x00007ffae1910000 - 0x00007ffae1b05000 	C:\WINDOWS\SYSTEM32\ntdll.dll
0x00007ffadfd00000 - 0x00007ffadfdbe000 	C:\WINDOWS\System32\KERNEL32.DLL
0x00007ffadf240000 - 0x00007ffadf508000 	C:\WINDOWS\System32\KERNELBASE.dll
0x00007ffadf510000 - 0x00007ffadf610000 	C:\WINDOWS\System32\ucrtbase.dll
0x00007ffada5b0000 - 0x00007ffada5c9000 	D:\Android\jre\bin\jli.dll
0x00007ffabc850000 - 0x00007ffabc867000 	D:\Android\jre\bin\VCRUNTIME140.dll
0x00007ffae0ad0000 - 0x00007ffae0c70000 	C:\WINDOWS\System32\USER32.dll
0x00007ffadf030000 - 0x00007ffadf052000 	C:\WINDOWS\System32\win32u.dll
0x00007fface8c0000 - 0x00007ffaceb5a000 	C:\WINDOWS\WinSxS\amd64_microsoft.windows.common-controls_6595b64144ccf1df_6.0.19041.1110_none_60b5254171f9507e\COMCTL32.dll
0x00007ffae18a0000 - 0x00007ffae18cb000 	C:\WINDOWS\System32\GDI32.dll
0x00007ffadfc60000 - 0x00007ffadfcfe000 	C:\WINDOWS\System32\msvcrt.dll
0x00007ffadf610000 - 0x00007ffadf71b000 	C:\WINDOWS\System32\gdi32full.dll
0x00007ffadf1a0000 - 0x00007ffadf23d000 	C:\WINDOWS\System32\msvcp_win.dll
0x00007ffae0870000 - 0x00007ffae08a0000 	C:\WINDOWS\System32\IMM32.DLL
0x00007ffaa7d60000 - 0x00007ffaa7dfd000 	D:\Android\jre\bin\msvcp140.dll
0x00007ffa87340000 - 0x00007ffa87e15000 	D:\Android\jre\bin\server\jvm.dll
0x00007ffadf970000 - 0x00007ffadfa1e000 	C:\WINDOWS\System32\ADVAPI32.dll
0x00007ffae0d30000 - 0x00007ffae0dcc000 	C:\WINDOWS\System32\sechost.dll
0x00007ffadff50000 - 0x00007ffae0075000 	C:\WINDOWS\System32\RPCRT4.dll
0x00007ffae0c70000 - 0x00007ffae0c78000 	C:\WINDOWS\System32\PSAPI.DLL
0x00007ffad41b0000 - 0x00007ffad41ba000 	C:\WINDOWS\SYSTEM32\VERSION.dll
0x00007ffacdfc0000 - 0x00007ffacdfe7000 	C:\WINDOWS\SYSTEM32\WINMM.dll
0x00007ffac53c0000 - 0x00007ffac53c9000 	C:\WINDOWS\SYSTEM32\WSOCK32.dll
0x00007ffae0260000 - 0x00007ffae02cb000 	C:\WINDOWS\System32\WS2_32.dll
0x00007ffadd900000 - 0x00007ffadd912000 	C:\WINDOWS\SYSTEM32\kernel.appcore.dll
0x00007ffada600000 - 0x00007ffada611000 	D:\Android\jre\bin\verify.dll
0x00007ffadd5d0000 - 0x00007ffadd7b4000 	C:\WINDOWS\SYSTEM32\DBGHELP.DLL
0x00007ffacd260000 - 0x00007ffacd28c000 	C:\WINDOWS\SYSTEM32\dbgcore.DLL
0x00007ffadf110000 - 0x00007ffadf192000 	C:\WINDOWS\System32\bcryptPrimitives.dll
0x00007ffad90b0000 - 0x00007ffad90d9000 	D:\Android\jre\bin\java.dll
0x00007ffad8a00000 - 0x00007ffad8a0b000 	D:\Android\jre\bin\jimage.dll
0x00007ffad89e0000 - 0x00007ffad89f8000 	D:\Android\jre\bin\zip.dll
0x00007ffae0df0000 - 0x00007ffae1534000 	C:\WINDOWS\System32\SHELL32.dll
0x00007ffadce30000 - 0x00007ffadd5c4000 	C:\WINDOWS\SYSTEM32\windows.storage.dll
0x00007ffae1540000 - 0x00007ffae1894000 	C:\WINDOWS\System32\combase.dll
0x00007ffadea90000 - 0x00007ffadeabc000 	C:\WINDOWS\SYSTEM32\Wldp.dll
0x00007ffadfaf0000 - 0x00007ffadfb9d000 	C:\WINDOWS\System32\SHCORE.dll
0x00007ffadfba0000 - 0x00007ffadfbf5000 	C:\WINDOWS\System32\shlwapi.dll
0x00007ffadef70000 - 0x00007ffadef8f000 	C:\WINDOWS\SYSTEM32\profapi.dll
0x00007ffad6300000 - 0x00007ffad631a000 	D:\Android\jre\bin\net.dll
0x00007ffad2dd0000 - 0x00007ffad2ed9000 	C:\WINDOWS\SYSTEM32\WINHTTP.dll
0x00007ffade7f0000 - 0x00007ffade85a000 	C:\WINDOWS\system32\mswsock.dll
0x00007ffad61a0000 - 0x00007ffad61b4000 	D:\Android\jre\bin\nio.dll
0x00007ffada6a0000 - 0x00007ffada6c7000 	C:\Users\86132\.gradle\native\e1d6ef7f7dcc3fd88c89a11ec53ec762bb8ba0a96d01ffa2cd45eb1d1d8dd5c5\windows-amd64\native-platform.dll
0x00007ffa8b7e0000 - 0x00007ffa8b924000 	C:\Users\86132\.gradle\native\5664cfc778a61ccfe75a443a1ab52a65af34e5dc3c78e0209fed803814484fcb\windows-amd64\native-platform-file-events.dll
0x00007ffad89a0000 - 0x00007ffad89aa000 	D:\Android\jre\bin\management.dll
0x00007ffad3510000 - 0x00007ffad351d000 	D:\Android\jre\bin\management_ext.dll
0x00007ffade9e0000 - 0x00007ffade9f8000 	C:\WINDOWS\SYSTEM32\CRYPTSP.dll
0x00007ffade100000 - 0x00007ffade134000 	C:\WINDOWS\system32\rsaenh.dll
0x00007ffadf720000 - 0x00007ffadf747000 	C:\WINDOWS\System32\bcrypt.dll
0x00007ffadef30000 - 0x00007ffadef5e000 	C:\WINDOWS\SYSTEM32\USERENV.dll
0x00007ffadea00000 - 0x00007ffadea0c000 	C:\WINDOWS\SYSTEM32\CRYPTBASE.dll
0x00007ffade490000 - 0x00007ffade4cb000 	C:\WINDOWS\SYSTEM32\IPHLPAPI.DLL
0x00007ffadfee0000 - 0x00007ffadfee8000 	C:\WINDOWS\System32\NSI.dll
0x00007ffad73c0000 - 0x00007ffad73d7000 	C:\WINDOWS\SYSTEM32\dhcpcsvc6.DLL
0x00007ffad6320000 - 0x00007ffad633d000 	C:\WINDOWS\SYSTEM32\dhcpcsvc.DLL
0x00007ffade4d0000 - 0x00007ffade59a000 	C:\WINDOWS\SYSTEM32\DNSAPI.dll
0x00007ffabc7a0000 - 0x00007ffabc7c7000 	D:\Android\jre\bin\sunec.dll
0x00007ffad5ec0000 - 0x00007ffad5eca000 	C:\Windows\System32\rasadhlp.dll
0x00007ffad41d0000 - 0x00007ffad424f000 	C:\WINDOWS\System32\fwpuclnt.dll

dbghelp: loaded successfully - version: 4.0.5 - missing functions: none
symbol engine: initialized successfully - sym options: 0x614 - pdb path: .;D:\Android\jre\bin;C:\WINDOWS\SYSTEM32;C:\WINDOWS\WinSxS\amd64_microsoft.windows.common-controls_6595b64144ccf1df_6.0.19041.1110_none_60b5254171f9507e;D:\Android\jre\bin\server;C:\Users\86132\.gradle\native\e1d6ef7f7dcc3fd88c89a11ec53ec762bb8ba0a96d01ffa2cd45eb1d1d8dd5c5\windows-amd64;C:\Users\86132\.gradle\native\5664cfc778a61ccfe75a443a1ab52a65af34e5dc3c78e0209fed803814484fcb\windows-amd64

VM Arguments:
jvm_args: --add-opens=java.base/java.util=ALL-UNNAMED --add-opens=java.base/java.lang=ALL-UNNAMED --add-opens=java.base/java.lang.invoke=ALL-UNNAMED --add-opens=java.base/java.util=ALL-UNNAMED --add-opens=java.prefs/java.util.prefs=ALL-UNNAMED --add-opens=java.prefs/java.util.prefs=ALL-UNNAMED --add-opens=java.base/java.nio.charset=ALL-UNNAMED --add-opens=java.base/java.net=ALL-UNNAMED --add-opens=java.base/java.util.concurrent.atomic=ALL-UNNAMED -Xmx2048m -Dfile.encoding=UTF-8 -Duser.country=CN -Duser.language=zh -Duser.variant 
java_command: org.gradle.launcher.daemon.bootstrap.GradleDaemon 7.2
java_class_path (initial): C:\Users\86132\.gradle\wrapper\dists\gradle-7.2-bin\2dnblmf4td7x66yl1d74lt32g\gradle-7.2\lib\gradle-launcher-7.2.jar
Launcher Type: SUN_STANDARD

[Global flags]
     intx CICompilerCount                          = 4                                         {product} {ergonomic}
     uint ConcGCThreads                            = 2                                         {product} {ergonomic}
     uint G1ConcRefinementThreads                  = 8                                         {product} {ergonomic}
   size_t G1HeapRegionSize                         = 1048576                                   {product} {ergonomic}
    uintx GCDrainStackTargetSize                   = 64                                        {product} {ergonomic}
   size_t InitialHeapSize                          = 134217728                                 {product} {ergonomic}
   size_t MarkStackSize                            = 4194304                                   {product} {ergonomic}
   size_t MaxHeapSize                              = 2147483648                                {product} {command line}
   size_t MaxNewSize                               = 1287651328                                {product} {ergonomic}
   size_t MinHeapDeltaBytes                        = 1048576                                   {product} {ergonomic}
    uintx NonNMethodCodeHeapSize                   = 5836300                                {pd product} {ergonomic}
    uintx NonProfiledCodeHeapSize                  = 122910970                              {pd product} {ergonomic}
    uintx ProfiledCodeHeapSize                     = 122910970                              {pd product} {ergonomic}
    uintx ReservedCodeCacheSize                    = 251658240                              {pd product} {ergonomic}
     bool SegmentedCodeCache                       = true                                      {product} {ergonomic}
     bool UseCompressedClassPointers               = true                                 {lp64_product} {ergonomic}
     bool UseCompressedOops                        = true                                 {lp64_product} {ergonomic}
     bool UseG1GC                                  = true                                      {product} {ergonomic}
     bool UseLargePagesIndividualAllocation        = false                                  {pd product} {ergonomic}

Logging:
Log output configuration:
 #0: stdout all=warning uptime,level,tags
 #1: stderr all=off uptime,level,tags

Environment Variables:
JAVA_HOME=D:\BaiduNetdiskDownload\javaEE\software\apache-tomcat-9.0.2
PATH="C:\ProgramData\Oracle\Java\javapath\;%JAVA_HOME%;%JRE_HOME%";D:\Scripts\;C:\Windows\System32\WindowsPowerShell\v1.0\D:\python-3.8.9-amd64；;;\Program Files\Microsoft MPI\Bin\;C:\Windows\system32;C:\Windows;C:\Windows\System32\Wbem;C:\Windows\System32\OpenSSH\;C:\Program Files\Intel\WiFi\bin\;C:\Program Files\Common Files\Intel\WirelessCommon\;C:\Program Files (x86)\NVIDIA Corporation\PhysX\Common;C:\Program Files\NVIDIA Corporation\NVIDIA NvDLISR;C:\Program Files (x86)\Intel\Intel(R) Management Engine Components\DAL;C:\Program Files\Intel\Intel(R) Management Engine Components\DAL;C:\WINDOWS\system32;C:\WINDOWS;C:\WINDOWS\System32\Wbem;C:\WINDOWS\System32\WindowsPowerShell\v1.0\;C:\WINDOWS\System32\OpenSSH\;C:\Program Files (x86)\Microsoft SQL Server\150\Tools\Binn\;C:\Program Files\Microsoft SQL Server\150\Tools\Binn\;C:\Program Files (x86)\Microsoft SQL Server\150\DTS\Binn\;C:\Program Files\Microsoft SQL Server\150\DTS\Binn\;C:\Program Files\Microsoft SQL Server\Client SDK\ODBC\170\Tools\Binn\;D:\微信web开发者工具\dll;D:\Git;cmd;D:\;D:\hadoop-3.1.3\bin;D:\Git\cmd;C:\Program Files\Azure Data Studio\bin;D:\PyCharm Community Edition 2021.2.3\bin;
USERNAME=86132
OS=Windows_NT
PROCESSOR_IDENTIFIER=Intel64 Family 6 Model 142 Stepping 10, GenuineIntel



---------------  S Y S T E M  ---------------

OS: Windows 10 , 64 bit Build 19041 (10.0.19041.1566)
OS uptime: 1 days 1:11 hours

CPU:total 8 (initial active 8) (4 cores per cpu, 2 threads per core) family 6 model 142 stepping 10 microcode 0xb4, cmov, cx8, fxsr, mmx, sse, sse2, sse3, ssse3, sse4.1, sse4.2, popcnt, avx, avx2, aes, clmul, erms, 3dnowpref, lzcnt, ht, tsc, tscinvbit, bmi1, bmi2, adx, fma

Memory: 4k page, system-wide physical 8075M (316M free)
TotalPageFile size 22368M (AvailPageFile size 4M)
current process WorkingSet (physical memory assigned to process): 503M, peak: 595M
current process commit charge ("private bytes"): 704M, peak: 765M

vm_info: OpenJDK 64-Bit Server VM (11.0.11+9-b60-7590822) for windows-amd64 JRE (11.0.11+9-b60-7590822), built on Jul 29 2021 21:43:44 by "builder" with MS VC++ 14.0 (VS2015)

END.
